[0205/132429:ERROR:process_info.cc(608)] range at 0xff9e5000, size 0x230 fully unreadable
[0205/132429:ERROR:process_reader_win.cc(233)] ReadMemory at 0x74be8cc4 of 28 bytes failed: 仅完成部分的 ReadProcessMemory 或 WriteProcessMemory 请求。 (0x12B)
[0205/132429:WARNING:pe_image_reader.cc(135)] could not read data directory from C:\windows\SYSTEM32\DEVOBJ.dll
[0205/132429:ERROR:process_reader_win.cc(233)] ReadMemory at 0x74bf0000 of 64 bytes failed: 仅完成部分的 ReadProcessMemory 或 WriteProcessMemory 请求。 (0x12B)
[0205/132429:WARNING:pe_image_reader.cc(281)] could not read dos header from C:\windows\SYSTEM32\WINMMBASE.dll
[0205/132429:ERROR:process_reader_win.cc(233)] ReadMemory at 0x74c10000 of 64 bytes failed: 仅完成部分的 ReadProcessMemory 或 WriteProcessMemory 请求。 (0x12B)
[0205/132429:WARNING:pe_image_reader.cc(281)] could not read dos header from C:\windows\SYSTEM32\WINMM.dll
[0205/132429:ERROR:process_reader_win.cc(233)] ReadMemory at 0x75140000 of 64 bytes failed: 仅完成部分的 ReadProcessMemory 或 WriteProcessMemory 请求。 (0x12B)
[0205/132429:WARNING:pe_image_reader.cc(281)] could not read dos header from C:\windows\SYSTEM32\WTSAPI32.dll
[0205/132429:ERROR:process_reader_win.cc(233)] ReadMemory at 0x74540000 of 64 bytes failed: 仅完成部分的 ReadProcessMemory 或 WriteProcessMemory 请求。 (0x12B)
[0205/132429:WARNING:pe_image_reader.cc(281)] could not read dos header from C:\windows\SYSTEM32\WINHTTP.dll
[0205/132429:ERROR:process_reader_win.cc(233)] ReadMemory at 0x773d0000 of 64 bytes failed: 仅完成部分的 ReadProcessMemory 或 WriteProcessMemory 请求。 (0x12B)
[0205/132429:WARNING:pe_image_reader.cc(281)] could not read dos header from C:\windows\SYSTEM32\ole32.dll
[0205/132429:ERROR:process_reader_win.cc(233)] ReadMemory at 0x75450000 of 64 bytes failed: 仅完成部分的 ReadProcessMemory 或 WriteProcessMemory 请求。 (0x12B)
[0205/132429:WARNING:pe_image_reader.cc(281)] could not read dos header from C:\windows\SYSTEM32\OLEAUT32.dll
[0205/132429:ERROR:process_reader_win.cc(233)] ReadMemory at 0x77360000 of 64 bytes failed: 仅完成部分的 ReadProcessMemory 或 WriteProcessMemory 请求。 (0x12B)
[0205/132429:WARNING:pe_image_reader.cc(281)] could not read dos header from C:\windows\SYSTEM32\PSAPI.DLL
[0205/132429:ERROR:process_reader_win.cc(233)] ReadMemory at 0x77390000 of 64 bytes failed: 仅完成部分的 ReadProcessMemory 或 WriteProcessMemory 请求。 (0x12B)
[0205/132429:WARNING:pe_image_reader.cc(281)] could not read dos header from C:\windows\SYSTEM32\NSI.dll
[0205/132429:ERROR:process_reader_win.cc(233)] ReadMemory at 0x75aa0000 of 64 bytes failed: 仅完成部分的 ReadProcessMemory 或 WriteProcessMemory 请求。 (0x12B)
[0205/132429:WARNING:pe_image_reader.cc(281)] could not read dos header from C:\windows\SYSTEM32\WS2_32.dll
[0205/132429:ERROR:process_reader_win.cc(233)] ReadMemory at 0x74fd0000 of 64 bytes failed: 仅完成部分的 ReadProcessMemory 或 WriteProcessMemory 请求。 (0x12B)
[0205/132429:WARNING:pe_image_reader.cc(281)] could not read dos header from C:\windows\SYSTEM32\netutils.dll
[0205/132429:ERROR:process_reader_win.cc(233)] ReadMemory at 0x74fb0000 of 64 bytes failed: 仅完成部分的 ReadProcessMemory 或 WriteProcessMemory 请求。 (0x12B)
[0205/132429:WARNING:pe_image_reader.cc(281)] could not read dos header from C:\windows\SYSTEM32\srvcli.dll
[0205/132429:ERROR:process_reader_win.cc(233)] ReadMemory at 0x74fa0000 of 64 bytes failed: 仅完成部分的 ReadProcessMemory 或 WriteProcessMemory 请求。 (0x12B)
[0205/132429:WARNING:pe_image_reader.cc(281)] could not read dos header from C:\windows\SYSTEM32\wkscli.dll
[0205/132429:ERROR:process_reader_win.cc(233)] ReadMemory at 0x75000000 of 64 bytes failed: 仅完成部分的 ReadProcessMemory 或 WriteProcessMemory 请求。 (0x12B)
[0205/132429:WARNING:pe_image_reader.cc(281)] could not read dos header from C:\windows\SYSTEM32\NETAPI32.dll
[0205/132429:ERROR:process_reader_win.cc(233)] ReadMemory at 0x6e020000 of 64 bytes failed: 仅完成部分的 ReadProcessMemory 或 WriteProcessMemory 请求。 (0x12B)
[0205/132429:WARNING:pe_image_reader.cc(281)] could not read dos header from C:\Program Files (x86)\360\360Safe\safemon\safemon.dll
[0205/132429:ERROR:process_reader_win.cc(233)] ReadMemory at 0x74f10000 of 64 bytes failed: 仅完成部分的 ReadProcessMemory 或 WriteProcessMemory 请求。 (0x12B)
[0205/132429:WARNING:pe_image_reader.cc(281)] could not read dos header from C:\windows\SYSTEM32\shcore.dll
[0205/132429:ERROR:process_reader_win.cc(233)] ReadMemory at 0x50cf0000 of 64 bytes failed: 仅完成部分的 ReadProcessMemory 或 WriteProcessMemory 请求。 (0x12B)
[0205/132429:WARNING:pe_image_reader.cc(281)] could not read dos header from C:\Program Files (x86)\360\360Safe\safemon\iNetSafe.dll
[0205/132429:ERROR:process_reader_win.cc(233)] ReadMemory at 0x75110000 of 64 bytes failed: 仅完成部分的 ReadProcessMemory 或 WriteProcessMemory 请求。 (0x12B)
[0205/132429:WARNING:pe_image_reader.cc(281)] could not read dos header from C:\windows\SYSTEM32\profapi.dll
[0205/132429:ERROR:process_reader_win.cc(233)] ReadMemory at 0x75120000 of 64 bytes failed: 仅完成部分的 ReadProcessMemory 或 WriteProcessMemory 请求。 (0x12B)
[0205/132429:WARNING:pe_image_reader.cc(281)] could not read dos header from C:\windows\SYSTEM32\USERENV.dll
[0205/132429:ERROR:process_reader_win.cc(233)] ReadMemory at 0x70f30000 of 64 bytes failed: 仅完成部分的 ReadProcessMemory 或 WriteProcessMemory 请求。 (0x12B)
[0205/132429:WARNING:pe_image_reader.cc(281)] could not read dos header from C:\windows\SYSTEM32\dbghelp.dll
[0205/132429:ERROR:process_reader_win.cc(233)] ReadMemory at 0x6e540000 of 64 bytes failed: 仅完成部分的 ReadProcessMemory 或 WriteProcessMemory 请求。 (0x12B)
[0205/132429:WARNING:pe_image_reader.cc(281)] could not read dos header from C:\windows\WinSxS\x86_microsoft.windows.common-controls_6595b64144ccf1df_6.0.9600.17031_none_a9efdb8b01377ea7\COMCTL32.dll
[0205/132429:ERROR:process_reader_win.cc(233)] ReadMemory at 0x754e0000 of 64 bytes failed: 仅完成部分的 ReadProcessMemory 或 WriteProcessMemory 请求。 (0x12B)
[0205/132429:WARNING:pe_image_reader.cc(281)] could not read dos header from C:\windows\SYSTEM32\COMDLG32.dll
[0205/132429:ERROR:process_reader_win.cc(233)] ReadMemory at 0x6e7b0000 of 64 bytes failed: 仅完成部分的 ReadProcessMemory 或 WriteProcessMemory 请求。 (0x12B)
[0205/132429:WARNING:pe_image_reader.cc(281)] could not read dos header from C:\windows\SYSTEM32\USP10.dll
[0205/132429:ERROR:process_reader_win.cc(233)] ReadMemory at 0x6ef40000 of 64 bytes failed: 仅完成部分的 ReadProcessMemory 或 WriteProcessMemory 请求。 (0x12B)
[0205/132429:WARNING:pe_image_reader.cc(281)] could not read dos header from C:\windows\SYSTEM32\WINSPOOL.DRV
[0205/132429:ERROR:process_reader_win.cc(233)] ReadMemory at 0x74f90000 of 64 bytes failed: 仅完成部分的 ReadProcessMemory 或 WriteProcessMemory 请求。 (0x12B)
[0205/132429:WARNING:pe_image_reader.cc(281)] could not read dos header from C:\windows\SYSTEM32\WINNSI.DLL
[0205/132429:ERROR:process_reader_win.cc(233)] ReadMemory at 0x74fe0000 of 64 bytes failed: 仅完成部分的 ReadProcessMemory 或 WriteProcessMemory 请求。 (0x12B)
[0205/132429:WARNING:pe_image_reader.cc(281)] could not read dos header from C:\windows\SYSTEM32\IPHLPAPI.DLL
[0205/132429:ERROR:process_reader_win.cc(233)] ReadMemory at 0x74bc0000 of 64 bytes failed: 仅完成部分的 ReadProcessMemory 或 WriteProcessMemory 请求。 (0x12B)
[0205/132429:WARNING:pe_image_reader.cc(281)] could not read dos header from C:\windows\SYSTEM32\Secur32.dll
[0205/132429:ERROR:process_reader_win.cc(233)] ReadMemory at 0x6b130000 of 64 bytes failed: 仅完成部分的 ReadProcessMemory 或 WriteProcessMemory 请求。 (0x12B)
[0205/132429:WARNING:pe_image_reader.cc(281)] could not read dos header from C:\windows\SYSTEM32\DWrite.dll
[0205/132429:ERROR:process_reader_win.cc(233)] ReadMemory at 0x76ce0000 of 64 bytes failed: 仅完成部分的 ReadProcessMemory 或 WriteProcessMemory 请求。 (0x12B)
[0205/132429:WARNING:pe_image_reader.cc(281)] could not read dos header from C:\windows\SYSTEM32\MSASN1.dll
[0205/132429:ERROR:process_reader_win.cc(233)] ReadMemory at 0x75570000 of 64 bytes failed: 仅完成部分的 ReadProcessMemory 或 WriteProcessMemory 请求。 (0x12B)
[0205/132429:WARNING:pe_image_reader.cc(281)] could not read dos header from C:\windows\SYSTEM32\CRYPT32.dll
[0205/132429:ERROR:process_reader_win.cc(233)] ReadMemory at 0x774e0000 of 64 bytes failed: 仅完成部分的 ReadProcessMemory 或 WriteProcessMemory 请求。 (0x12B)
[0205/132429:WARNING:pe_image_reader.cc(281)] could not read dos header from C:\windows\SYSTEM32\WINTRUST.dll
[0205/132429:ERROR:process_reader_win.cc(233)] ReadMemory at 0xf3c0000 of 64 bytes failed: 仅完成部分的 ReadProcessMemory 或 WriteProcessMemory 请求。 (0x12B)
[0205/132429:WARNING:pe_image_reader.cc(281)] could not read dos header from C:\Program Files (x86)\Google\Chrome\Application\54.0.2840.87\chrome_child.dll
[0205/132429:ERROR:process_reader_win.cc(233)] ReadMemory at 0x7789c860 of 5888 bytes failed: 仅完成部分的 ReadProcessMemory 或 WriteProcessMemory 请求。 (0x12B)
[0205/132429:ERROR:process_reader_win.cc(233)] ReadMemory at 0xb70000 of 64 bytes failed: 仅完成部分的 ReadProcessMemory 或 WriteProcessMemory 请求。 (0x12B)
[0205/132429:WARNING:pe_image_reader.cc(281)] could not read dos header from C:\Program Files (x86)\Google\Chrome\Application\chrome.exe
[0205/132429:ERROR:process_reader_win.cc(233)] ReadMemory at 0x777a0000 of 64 bytes failed: 仅完成部分的 ReadProcessMemory 或 WriteProcessMemory 请求。 (0x12B)
[0205/132429:WARNING:pe_image_reader.cc(281)] could not read dos header from C:\windows\SYSTEM32\ntdll.dll
[0205/132429:ERROR:process_reader_win.cc(233)] ReadMemory at 0x77180000 of 64 bytes failed: 仅完成部分的 ReadProcessMemory 或 WriteProcessMemory 请求。 (0x12B)
[0205/132429:WARNING:pe_image_reader.cc(281)] could not read dos header from C:\windows\SYSTEM32\KERNELBASE.dll
[0205/132429:ERROR:process_reader_win.cc(233)] ReadMemory at 0x77040000 of 64 bytes failed: 仅完成部分的 ReadProcessMemory 或 WriteProcessMemory 请求。 (0x12B)
[0205/132429:WARNING:pe_image_reader.cc(281)] could not read dos header from C:\windows\SYSTEM32\KERNEL32.DLL
[0205/132429:ERROR:process_reader_win.cc(233)] ReadMemory at 0x77250000 of 64 bytes failed: 仅完成部分的 ReadProcessMemory 或 WriteProcessMemory 请求。 (0x12B)
[0205/132429:WARNING:pe_image_reader.cc(281)] could not read dos header from C:\windows\SYSTEM32\msvcrt.dll
[0205/132429:ERROR:process_reader_win.cc(233)] ReadMemory at 0x75160000 of 64 bytes failed: 仅完成部分的 ReadProcessMemory 或 WriteProcessMemory 请求。 (0x12B)
[0205/132429:WARNING:pe_image_reader.cc(281)] could not read dos header from C:\windows\SYSTEM32\bcryptPrimitives.dll
[0205/132429:ERROR:process_reader_win.cc(233)] ReadMemory at 0x751c0000 of 64 bytes failed: 仅完成部分的 ReadProcessMemory 或 WriteProcessMemory 请求。 (0x12B)
[0205/132429:WARNING:pe_image_reader.cc(281)] could not read dos header from C:\windows\SYSTEM32\CRYPTBASE.DLL
[0205/132429:ERROR:process_reader_win.cc(233)] ReadMemory at 0x751d0000 of 64 bytes failed: 仅完成部分的 ReadProcessMemory 或 WriteProcessMemory 请求。 (0x12B)
[0205/132429:WARNING:pe_image_reader.cc(281)] could not read dos header from C:\windows\SYSTEM32\SspiCli.dll
[0205/132429:ERROR:process_reader_win.cc(233)] ReadMemory at 0x76cf0000 of 64 bytes failed: 仅完成部分的 ReadProcessMemory 或 WriteProcessMemory 请求。 (0x12B)
[0205/132429:WARNING:pe_image_reader.cc(281)] could not read dos header from C:\windows\SYSTEM32\RPCRT4.dll
[0205/132429:ERROR:process_reader_win.cc(233)] ReadMemory at 0x75af0000 of 64 bytes failed: 仅完成部分的 ReadProcessMemory 或 WriteProcessMemory 请求。 (0x12B)
[0205/132429:WARNING:pe_image_reader.cc(281)] could not read dos header from C:\windows\SYSTEM32\sechost.dll
[0205/132429:ERROR:process_reader_win.cc(233)] ReadMemory at 0x76db0000 of 64 bytes failed: 仅完成部分的 ReadProcessMemory 或 WriteProcessMemory 请求。 (0x12B)
[0205/132429:WARNING:pe_image_reader.cc(281)] could not read dos header from C:\windows\SYSTEM32\ADVAPI32.dll
[0205/132429:ERROR:process_reader_win.cc(233)] ReadMemory at 0x75150000 of 64 bytes failed: 仅完成部分的 ReadProcessMemory 或 WriteProcessMemory 请求。 (0x12B)
[0205/132429:WARNING:pe_image_reader.cc(281)] could not read dos header from C:\windows\SYSTEM32\VERSION.dll
[0205/132429:ERROR:process_reader_win.cc(233)] ReadMemory at 0x51c50000 of 64 bytes failed: 仅完成部分的 ReadProcessMemory 或 WriteProcessMemory 请求。 (0x12B)
[0205/132429:WARNING:pe_image_reader.cc(281)] could not read dos header from C:\Program Files (x86)\Google\Chrome\Application\54.0.2840.87\chrome_elf.dll
[0205/132429:ERROR:process_reader_win.cc(233)] ReadMemory at 0x76e30000 of 64 bytes failed: 仅完成部分的 ReadProcessMemory 或 WriteProcessMemory 请求。 (0x12B)
[0205/132429:WARNING:pe_image_reader.cc(281)] could not read dos header from C:\windows\SYSTEM32\combase.dll
[0205/132429:ERROR:process_reader_win.cc(233)] ReadMemory at 0x75980000 of 64 bytes failed: 仅完成部分的 ReadProcessMemory 或 WriteProcessMemory 请求。 (0x12B)
[0205/132429:WARNING:pe_image_reader.cc(281)] could not read dos header from C:\windows\SYSTEM32\GDI32.dll
[0205/132429:ERROR:process_reader_win.cc(233)] ReadMemory at 0x756f0000 of 64 bytes failed: 仅完成部分的 ReadProcessMemory 或 WriteProcessMemory 请求。 (0x12B)
[0205/132429:WARNING:pe_image_reader.cc(281)] could not read dos header from C:\windows\SYSTEM32\USER32.dll
[0205/132429:ERROR:process_reader_win.cc(233)] ReadMemory at 0x75200000 of 64 bytes failed: 仅完成部分的 ReadProcessMemory 或 WriteProcessMemory 请求。 (0x12B)
[0205/132429:WARNING:pe_image_reader.cc(281)] could not read dos header from C:\windows\SYSTEM32\MSCTF.dll
[0205/132429:ERROR:process_reader_win.cc(233)] ReadMemory at 0x773a0000 of 64 bytes failed: 仅完成部分的 ReadProcessMemory 或 WriteProcessMemory 请求。 (0x12B)
[0205/132429:WARNING:pe_image_reader.cc(281)] could not read dos header from C:\windows\system32\IMM32.DLL
[0205/132429:ERROR:process_reader_win.cc(233)] ReadMemory at 0x77310000 of 64 bytes failed: 仅完成部分的 ReadProcessMemory 或 WriteProcessMemory 请求。 (0x12B)
[0205/132429:WARNING:pe_image_reader.cc(281)] could not read dos header from C:\windows\SYSTEM32\SHLWAPI.dll
[0205/132429:ERROR:process_reader_win.cc(233)] ReadMemory at 0x75b30000 of 64 bytes failed: 仅完成部分的 ReadProcessMemory 或 WriteProcessMemory 请求。 (0x12B)
[0205/132429:WARNING:pe_image_reader.cc(281)] could not read dos header from C:\windows\SYSTEM32\SHELL32.dll
[0205/132429:ERROR:process_reader_win.cc(233)] ReadMemory at 0x76f80000 of 64 bytes failed: 仅完成部分的 ReadProcessMemory 或 WriteProcessMemory 请求。 (0x12B)
[0205/132429:WARNING:pe_image_reader.cc(281)] could not read dos header from C:\windows\SYSTEM32\cfgmgr32.dll
[0205/132429:ERROR:process_reader_win.cc(233)] ReadMemory at 0x74bd0000 of 64 bytes failed: 仅完成部分的 ReadProcessMemory 或 WriteProcessMemory 请求。 (0x12B)
[0205/132429:WARNING:pe_image_reader.cc(281)] could not read dos header from C:\windows\SYSTEM32\DEVOBJ.dll
[0205/132429:ERROR:process_reader_win.cc(233)] ReadMemory at 0x74bf0000 of 64 bytes failed: 仅完成部分的 ReadProcessMemory 或 WriteProcessMemory 请求。 (0x12B)
[0205/132429:WARNING:pe_image_reader.cc(281)] could not read dos header from C:\windows\SYSTEM32\WINMMBASE.dll
[0205/132429:ERROR:process_reader_win.cc(233)] ReadMemory at 0x74c10000 of 64 bytes failed: 仅完成部分的 ReadProcessMemory 或 WriteProcessMemory 请求。 (0x12B)
[0205/132429:WARNING:pe_image_reader.cc(281)] could not read dos header from C:\windows\SYSTEM32\WINMM.dll
[0205/132429:ERROR:process_reader_win.cc(233)] ReadMemory at 0x75140000 of 64 bytes failed: 仅完成部分的 ReadProcessMemory 或 WriteProcessMemory 请求。 (0x12B)
[0205/132429:WARNING:pe_image_reader.cc(281)] could not read dos header from C:\windows\SYSTEM32\WTSAPI32.dll
[0205/132429:ERROR:process_reader_win.cc(233)] ReadMemory at 0x74540000 of 64 bytes failed: 仅完成部分的 ReadProcessMemory 或 WriteProcessMemory 请求。 (0x12B)
[0205/132429:WARNING:pe_image_reader.cc(281)] could not read dos header from C:\windows\SYSTEM32\WINHTTP.dll
[0205/132429:ERROR:process_reader_win.cc(233)] ReadMemory at 0x773d0000 of 64 bytes failed: 仅完成部分的 ReadProcessMemory 或 WriteProcessMemory 请求。 (0x12B)
[0205/132429:WARNING:pe_image_reader.cc(281)] could not read dos header from C:\windows\SYSTEM32\ole32.dll
[0205/132429:ERROR:process_reader_win.cc(233)] ReadMemory at 0x75450000 of 64 bytes failed: 仅完成部分的 ReadProcessMemory 或 WriteProcessMemory 请求。 (0x12B)
[0205/132429:WARNING:pe_image_reader.cc(281)] could not read dos header from C:\windows\SYSTEM32\OLEAUT32.dll
[0205/132429:ERROR:process_reader_win.cc(233)] ReadMemory at 0x77360000 of 64 bytes failed: 仅完成部分的 ReadProcessMemory 或 WriteProcessMemory 请求。 (0x12B)
[0205/132429:WARNING:pe_image_reader.cc(281)] could not read dos header from C:\windows\SYSTEM32\PSAPI.DLL
[0205/132429:ERROR:process_reader_win.cc(233)] ReadMemory at 0x77390000 of 64 bytes failed: 仅完成部分的 ReadProcessMemory 或 WriteProcessMemory 请求。 (0x12B)
[0205/132429:WARNING:pe_image_reader.cc(281)] could not read dos header from C:\windows\SYSTEM32\NSI.dll
[0205/132429:ERROR:process_reader_win.cc(233)] ReadMemory at 0x75aa0000 of 64 bytes failed: 仅完成部分的 ReadProcessMemory 或 WriteProcessMemory 请求。 (0x12B)
[0205/132429:WARNING:pe_image_reader.cc(281)] could not read dos header from C:\windows\SYSTEM32\WS2_32.dll
[0205/132429:ERROR:process_reader_win.cc(233)] ReadMemory at 0x74fd0000 of 64 bytes failed: 仅完成部分的 ReadProcessMemory 或 WriteProcessMemory 请求。 (0x12B)
[0205/132429:WARNING:pe_image_reader.cc(281)] could not read dos header from C:\windows\SYSTEM32\netutils.dll
[0205/132429:ERROR:process_reader_win.cc(233)] ReadMemory at 0x74fb0000 of 64 bytes failed: 仅完成部分的 ReadProcessMemory 或 WriteProcessMemory 请求。 (0x12B)
[0205/132429:WARNING:pe_image_reader.cc(281)] could not read dos header from C:\windows\SYSTEM32\srvcli.dll
[0205/132429:ERROR:process_reader_win.cc(233)] ReadMemory at 0x74fa0000 of 64 bytes failed: 仅完成部分的 ReadProcessMemory 或 WriteProcessMemory 请求。 (0x12B)
[0205/132429:WARNING:pe_image_reader.cc(281)] could not read dos header from C:\windows\SYSTEM32\wkscli.dll
[0205/132429:ERROR:process_reader_win.cc(233)] ReadMemory at 0x75000000 of 64 bytes failed: 仅完成部分的 ReadProcessMemory 或 WriteProcessMemory 请求。 (0x12B)
[0205/132429:WARNING:pe_image_reader.cc(281)] could not read dos header from C:\windows\SYSTEM32\NETAPI32.dll
[0205/132429:ERROR:process_reader_win.cc(233)] ReadMemory at 0x6e020000 of 64 bytes failed: 仅完成部分的 ReadProcessMemory 或 WriteProcessMemory 请求。 (0x12B)
[0205/132429:WARNING:pe_image_reader.cc(281)] could not read dos header from C:\Program Files (x86)\360\360Safe\safemon\safemon.dll
[0205/132429:ERROR:process_reader_win.cc(233)] ReadMemory at 0x74f10000 of 64 bytes failed: 仅完成部分的 ReadProcessMemory 或 WriteProcessMemory 请求。 (0x12B)
[0205/132429:WARNING:pe_image_reader.cc(281)] could not read dos header from C:\windows\SYSTEM32\shcore.dll
[0205/132429:ERROR:process_reader_win.cc(233)] ReadMemory at 0x50cf0000 of 64 bytes failed: 仅完成部分的 ReadProcessMemory 或 WriteProcessMemory 请求。 (0x12B)
[0205/132429:WARNING:pe_image_reader.cc(281)] could not read dos header from C:\Program Files (x86)\360\360Safe\safemon\iNetSafe.dll
[0205/132429:ERROR:process_reader_win.cc(233)] ReadMemory at 0x75110000 of 64 bytes failed: 仅完成部分的 ReadProcessMemory 或 WriteProcessMemory 请求。 (0x12B)
[0205/132429:WARNING:pe_image_reader.cc(281)] could not read dos header from C:\windows\SYSTEM32\profapi.dll
[0205/132429:ERROR:process_reader_win.cc(233)] ReadMemory at 0x75120000 of 64 bytes failed: 仅完成部分的 ReadProcessMemory 或 WriteProcessMemory 请求。 (0x12B)
[0205/132429:WARNING:pe_image_reader.cc(281)] could not read dos header from C:\windows\SYSTEM32\USERENV.dll
[0205/132429:ERROR:process_reader_win.cc(233)] ReadMemory at 0x70f30000 of 64 bytes failed: 仅完成部分的 ReadProcessMemory 或 WriteProcessMemory 请求。 (0x12B)
[0205/132429:WARNING:pe_image_reader.cc(281)] could not read dos header from C:\windows\SYSTEM32\dbghelp.dll
[0205/132429:ERROR:process_reader_win.cc(233)] ReadMemory at 0x6e540000 of 64 bytes failed: 仅完成部分的 ReadProcessMemory 或 WriteProcessMemory 请求。 (0x12B)
[0205/132429:WARNING:pe_image_reader.cc(281)] could not read dos header from C:\windows\WinSxS\x86_microsoft.windows.common-controls_6595b64144ccf1df_6.0.9600.17031_none_a9efdb8b01377ea7\COMCTL32.dll
[0205/132429:ERROR:process_reader_win.cc(233)] ReadMemory at 0x754e0000 of 64 bytes failed: 仅完成部分的 ReadProcessMemory 或 WriteProcessMemory 请求。 (0x12B)
[0205/132429:WARNING:pe_image_reader.cc(281)] could not read dos header from C:\windows\SYSTEM32\COMDLG32.dll
[0205/132429:ERROR:process_reader_win.cc(233)] ReadMemory at 0x6e7b0000 of 64 bytes failed: 仅完成部分的 ReadProcessMemory 或 WriteProcessMemory 请求。 (0x12B)
[0205/132429:WARNING:pe_image_reader.cc(281)] could not read dos header from C:\windows\SYSTEM32\USP10.dll
[0205/132429:ERROR:process_reader_win.cc(233)] ReadMemory at 0x6ef40000 of 64 bytes failed: 仅完成部分的 ReadProcessMemory 或 WriteProcessMemory 请求。 (0x12B)
[0205/132429:WARNING:pe_image_reader.cc(281)] could not read dos header from C:\windows\SYSTEM32\WINSPOOL.DRV
[0205/132429:ERROR:process_reader_win.cc(233)] ReadMemory at 0x74f90000 of 64 bytes failed: 仅完成部分的 ReadProcessMemory 或 WriteProcessMemory 请求。 (0x12B)
[0205/132429:WARNING:pe_image_reader.cc(281)] could not read dos header from C:\windows\SYSTEM32\WINNSI.DLL
[0205/132429:ERROR:process_reader_win.cc(233)] ReadMemory at 0x74fe0000 of 64 bytes failed: 仅完成部分的 ReadProcessMemory 或 WriteProcessMemory 请求。 (0x12B)
[0205/132429:WARNING:pe_image_reader.cc(281)] could not read dos header from C:\windows\SYSTEM32\IPHLPAPI.DLL
[0205/132429:ERROR:process_reader_win.cc(233)] ReadMemory at 0x74bc0000 of 64 bytes failed: 仅完成部分的 ReadProcessMemory 或 WriteProcessMemory 请求。 (0x12B)
[0205/132429:WARNING:pe_image_reader.cc(281)] could not read dos header from C:\windows\SYSTEM32\Secur32.dll
[0205/132429:ERROR:process_reader_win.cc(233)] ReadMemory at 0x6b130000 of 64 bytes failed: 仅完成部分的 ReadProcessMemory 或 WriteProcessMemory 请求。 (0x12B)
[0205/132429:WARNING:pe_image_reader.cc(281)] could not read dos header from C:\windows\SYSTEM32\DWrite.dll
[0205/132429:ERROR:process_reader_win.cc(233)] ReadMemory at 0x76ce0000 of 64 bytes failed: 仅完成部分的 ReadProcessMemory 或 WriteProcessMemory 请求。 (0x12B)
[0205/132429:WARNING:pe_image_reader.cc(281)] could not read dos header from C:\windows\SYSTEM32\MSASN1.dll
[0205/132429:ERROR:process_reader_win.cc(233)] ReadMemory at 0x75570000 of 64 bytes failed: 仅完成部分的 ReadProcessMemory 或 WriteProcessMemory 请求。 (0x12B)
[0205/132429:WARNING:pe_image_reader.cc(281)] could not read dos header from C:\windows\SYSTEM32\CRYPT32.dll
[0205/132429:ERROR:process_reader_win.cc(233)] ReadMemory at 0x774e0000 of 64 bytes failed: 仅完成部分的 ReadProcessMemory 或 WriteProcessMemory 请求。 (0x12B)
[0205/132429:WARNING:pe_image_reader.cc(281)] could not read dos header from C:\windows\SYSTEM32\WINTRUST.dll
[0205/132429:ERROR:process_reader_win.cc(233)] ReadMemory at 0xf3c0000 of 64 bytes failed: 仅完成部分的 ReadProcessMemory 或 WriteProcessMemory 请求。 (0x12B)
[0205/132429:WARNING:pe_image_reader.cc(281)] could not read dos header from C:\Program Files (x86)\Google\Chrome\Application\54.0.2840.87\chrome_child.dll
[0205/132429:ERROR:process_info.cc(608)] range at 0xff9ee000, size 0xf84 fully unreadable
[0205/132429:ERROR:process_reader_win.cc(233)] ReadMemory at 0xb70000 of 64 bytes failed: 仅完成部分的 ReadProcessMemory 或 WriteProcessMemory 请求。 (0x12B)
[0205/132429:WARNING:pe_image_reader.cc(281)] could not read dos header from C:\Program Files (x86)\Google\Chrome\Application\chrome.exe
[0205/132429:ERROR:process_reader_win.cc(233)] ReadMemory at 0x777a0000 of 64 bytes failed: 仅完成部分的 ReadProcessMemory 或 WriteProcessMemory 请求。 (0x12B)
[0205/132429:WARNING:pe_image_reader.cc(281)] could not read dos header from C:\windows\SYSTEM32\ntdll.dll
[0205/132429:ERROR:process_reader_win.cc(233)] ReadMemory at 0x77180000 of 64 bytes failed: 仅完成部分的 ReadProcessMemory 或 WriteProcessMemory 请求。 (0x12B)
[0205/132429:WARNING:pe_image_reader.cc(281)] could not read dos header from C:\windows\SYSTEM32\KERNELBASE.dll
[0205/132429:ERROR:process_reader_win.cc(233)] ReadMemory at 0x77040000 of 64 bytes failed: 仅完成部分的 ReadProcessMemory 或 WriteProcessMemory 请求。 (0x12B)
[0205/132429:WARNING:pe_image_reader.cc(281)] could not read dos header from C:\windows\SYSTEM32\KERNEL32.DLL
[0205/132429:ERROR:process_reader_win.cc(233)] ReadMemory at 0x77250000 of 64 bytes failed: 仅完成部分的 ReadProcessMemory 或 WriteProcessMemory 请求。 (0x12B)
[0205/132429:WARNING:pe_image_reader.cc(281)] could not read dos header from C:\windows\SYSTEM32\msvcrt.dll
[0205/132429:ERROR:process_reader_win.cc(233)] ReadMemory at 0x75160000 of 64 bytes failed: 仅完成部分的 ReadProcessMemory 或 WriteProcessMemory 请求。 (0x12B)
[0205/132429:WARNING:pe_image_reader.cc(281)] could not read dos header from C:\windows\SYSTEM32\bcryptPrimitives.dll
[0205/132429:ERROR:process_reader_win.cc(233)] ReadMemory at 0x751c0000 of 64 bytes failed: 仅完成部分的 ReadProcessMemory 或 WriteProcessMemory 请求。 (0x12B)
[0205/132429:WARNING:pe_image_reader.cc(281)] could not read dos header from C:\windows\SYSTEM32\CRYPTBASE.DLL
[0205/132429:ERROR:process_reader_win.cc(233)] ReadMemory at 0x751d0000 of 64 bytes failed: 仅完成部分的 ReadProcessMemory 或 WriteProcessMemory 请求。 (0x12B)
[0205/132429:WARNING:pe_image_reader.cc(281)] could not read dos header from C:\windows\SYSTEM32\SspiCli.dll
[0205/132429:ERROR:process_reader_win.cc(233)] ReadMemory at 0x76cf0000 of 64 bytes failed: 仅完成部分的 ReadProcessMemory 或 WriteProcessMemory 请求。 (0x12B)
[0205/132429:WARNING:pe_image_reader.cc(281)] could not read dos header from C:\windows\SYSTEM32\RPCRT4.dll
[0205/132429:ERROR:process_reader_win.cc(233)] ReadMemory at 0x75af0000 of 64 bytes failed: 仅完成部分的 ReadProcessMemory 或 WriteProcessMemory 请求。 (0x12B)
[0205/132429:WARNING:pe_image_reader.cc(281)] could not read dos header from C:\windows\SYSTEM32\sechost.dll
[0205/132429:ERROR:process_reader_win.cc(233)] ReadMemory at 0x76db0000 of 64 bytes failed: 仅完成部分的 ReadProcessMemory 或 WriteProcessMemory 请求。 (0x12B)
[0205/132429:WARNING:pe_image_reader.cc(281)] could not read dos header from C:\windows\SYSTEM32\ADVAPI32.dll
[0205/132429:ERROR:process_reader_win.cc(233)] ReadMemory at 0x75150000 of 64 bytes failed: 仅完成部分的 ReadProcessMemory 或 WriteProcessMemory 请求。 (0x12B)
[0205/132429:WARNING:pe_image_reader.cc(281)] could not read dos header from C:\windows\SYSTEM32\VERSION.dll
[0205/132429:ERROR:process_reader_win.cc(233)] ReadMemory at 0x51c50000 of 64 bytes failed: 仅完成部分的 ReadProcessMemory 或 WriteProcessMemory 请求。 (0x12B)
[0205/132429:WARNING:pe_image_reader.cc(281)] could not read dos header from C:\Program Files (x86)\Google\Chrome\Application\54.0.2840.87\chrome_elf.dll
[0205/132429:ERROR:process_reader_win.cc(233)] ReadMemory at 0x76e30000 of 64 bytes failed: 仅完成部分的 ReadProcessMemory 或 WriteProcessMemory 请求。 (0x12B)
[0205/132429:WARNING:pe_image_reader.cc(281)] could not read dos header from C:\windows\SYSTEM32\combase.dll
[0205/132429:ERROR:process_reader_win.cc(233)] ReadMemory at 0x75980000 of 64 bytes failed: 仅完成部分的 ReadProcessMemory 或 WriteProcessMemory 请求。 (0x12B)
[0205/132429:WARNING:pe_image_reader.cc(281)] could not read dos header from C:\windows\SYSTEM32\GDI32.dll
[0205/132429:ERROR:process_reader_win.cc(233)] ReadMemory at 0x756f0000 of 64 bytes failed: 仅完成部分的 ReadProcessMemory 或 WriteProcessMemory 请求。 (0x12B)
[0205/132429:WARNING:pe_image_reader.cc(281)] could not read dos header from C:\windows\SYSTEM32\USER32.dll
[0205/132429:ERROR:process_reader_win.cc(233)] ReadMemory at 0x75200000 of 64 bytes failed: 仅完成部分的 ReadProcessMemory 或 WriteProcessMemory 请求。 (0x12B)
[0205/132429:WARNING:pe_image_reader.cc(281)] could not read dos header from C:\windows\SYSTEM32\MSCTF.dll
[0205/132429:ERROR:process_reader_win.cc(233)] ReadMemory at 0x773a0000 of 64 bytes failed: 仅完成部分的 ReadProcessMemory 或 WriteProcessMemory 请求。 (0x12B)
[0205/132429:WARNING:pe_image_reader.cc(281)] could not read dos header from C:\windows\system32\IMM32.DLL
[0205/132429:ERROR:process_reader_win.cc(233)] ReadMemory at 0x77310000 of 64 bytes failed: 仅完成部分的 ReadProcessMemory 或 WriteProcessMemory 请求。 (0x12B)
[0205/132429:WARNING:pe_image_reader.cc(281)] could not read dos header from C:\windows\SYSTEM32\SHLWAPI.dll
[0205/132429:ERROR:process_reader_win.cc(233)] ReadMemory at 0x75b30000 of 64 bytes failed: 仅完成部分的 ReadProcessMemory 或 WriteProcessMemory 请求。 (0x12B)
[0205/132429:WARNING:pe_image_reader.cc(281)] could not read dos header from C:\windows\SYSTEM32\SHELL32.dll
[0205/132429:ERROR:process_reader_win.cc(233)] ReadMemory at 0x76f80000 of 64 bytes failed: 仅完成部分的 ReadProcessMemory 或 WriteProcessMemory 请求。 (0x12B)
[0205/132429:WARNING:pe_image_reader.cc(281)] could not read dos header from C:\windows\SYSTEM32\cfgmgr32.dll
[0205/132429:ERROR:process_reader_win.cc(233)] ReadMemory at 0x74bd0000 of 64 bytes failed: 仅完成部分的 ReadProcessMemory 或 WriteProcessMemory 请求。 (0x12B)
[0205/132429:WARNING:pe_image_reader.cc(281)] could not read dos header from C:\windows\SYSTEM32\DEVOBJ.dll
[0205/132429:ERROR:process_reader_win.cc(233)] ReadMemory at 0x74bf0000 of 64 bytes failed: 仅完成部分的 ReadProcessMemory 或 WriteProcessMemory 请求。 (0x12B)
[0205/132429:WARNING:pe_image_reader.cc(281)] could not read dos header from C:\windows\SYSTEM32\WINMMBASE.dll
[0205/132429:ERROR:process_reader_win.cc(233)] ReadMemory at 0x74c10000 of 64 bytes failed: 仅完成部分的 ReadProcessMemory 或 WriteProcessMemory 请求。 (0x12B)
[0205/132429:WARNING:pe_image_reader.cc(281)] could not read dos header from C:\windows\SYSTEM32\WINMM.dll
[0205/132429:ERROR:process_reader_win.cc(233)] ReadMemory at 0x75140000 of 64 bytes failed: 仅完成部分的 ReadProcessMemory 或 WriteProcessMemory 请求。 (0x12B)
[0205/132429:WARNING:pe_image_reader.cc(281)] could not read dos header from C:\windows\SYSTEM32\WTSAPI32.dll
[0205/132429:ERROR:process_reader_win.cc(233)] ReadMemory at 0x74540000 of 64 bytes failed: 仅完成部分的 ReadProcessMemory 或 WriteProcessMemory 请求。 (0x12B)
[0205/132429:WARNING:pe_image_reader.cc(281)] could not read dos header from C:\windows\SYSTEM32\WINHTTP.dll
[0205/132429:ERROR:process_reader_win.cc(233)] ReadMemory at 0x773d0000 of 64 bytes failed: 仅完成部分的 ReadProcessMemory 或 WriteProcessMemory 请求。 (0x12B)
[0205/132429:WARNING:pe_image_reader.cc(281)] could not read dos header from C:\windows\SYSTEM32\ole32.dll
[0205/132429:ERROR:process_reader_win.cc(233)] ReadMemory at 0x75450000 of 64 bytes failed: 仅完成部分的 ReadProcessMemory 或 WriteProcessMemory 请求。 (0x12B)
[0205/132429:WARNING:pe_image_reader.cc(281)] could not read dos header from C:\windows\SYSTEM32\OLEAUT32.dll
[0205/132429:ERROR:process_reader_win.cc(233)] ReadMemory at 0x77360000 of 64 bytes failed: 仅完成部分的 ReadProcessMemory 或 WriteProcessMemory 请求。 (0x12B)
[0205/132429:WARNING:pe_image_reader.cc(281)] could not read dos header from C:\windows\SYSTEM32\PSAPI.DLL
[0205/132429:ERROR:process_reader_win.cc(233)] ReadMemory at 0x77390000 of 64 bytes failed: 仅完成部分的 ReadProcessMemory 或 WriteProcessMemory 请求。 (0x12B)
[0205/132429:WARNING:pe_image_reader.cc(281)] could not read dos header from C:\windows\SYSTEM32\NSI.dll
[0205/132429:ERROR:process_reader_win.cc(233)] ReadMemory at 0x75aa0000 of 64 bytes failed: 仅完成部分的 ReadProcessMemory 或 WriteProcessMemory 请求。 (0x12B)
[0205/132429:WARNING:pe_image_reader.cc(281)] could not read dos header from C:\windows\SYSTEM32\WS2_32.dll
[0205/132429:ERROR:process_reader_win.cc(233)] ReadMemory at 0x74fd0000 of 64 bytes failed: 仅完成部分的 ReadProcessMemory 或 WriteProcessMemory 请求。 (0x12B)
[0205/132429:WARNING:pe_image_reader.cc(281)] could not read dos header from C:\windows\SYSTEM32\netutils.dll
[0205/132429:ERROR:process_reader_win.cc(233)] ReadMemory at 0x74fb0000 of 64 bytes failed: 仅完成部分的 ReadProcessMemory 或 WriteProcessMemory 请求。 (0x12B)
[0205/132429:WARNING:pe_image_reader.cc(281)] could not read dos header from C:\windows\SYSTEM32\srvcli.dll
[0205/132429:ERROR:process_reader_win.cc(233)] ReadMemory at 0x74fa0000 of 64 bytes failed: 仅完成部分的 ReadProcessMemory 或 WriteProcessMemory 请求。 (0x12B)
[0205/132429:WARNING:pe_image_reader.cc(281)] could not read dos header from C:\windows\SYSTEM32\wkscli.dll
[0205/132429:ERROR:process_reader_win.cc(233)] ReadMemory at 0x75000000 of 64 bytes failed: 仅完成部分的 ReadProcessMemory 或 WriteProcessMemory 请求。 (0x12B)
[0205/132429:WARNING:pe_image_reader.cc(281)] could not read dos header from C:\windows\SYSTEM32\NETAPI32.dll
[0205/132429:ERROR:process_reader_win.cc(233)] ReadMemory at 0x6e020000 of 64 bytes failed: 仅完成部分的 ReadProcessMemory 或 WriteProcessMemory 请求。 (0x12B)
[0205/132429:WARNING:pe_image_reader.cc(281)] could not read dos header from C:\Program Files (x86)\360\360Safe\safemon\safemon.dll
[0205/132429:ERROR:process_reader_win.cc(233)] ReadMemory at 0x74f10000 of 64 bytes failed: 仅完成部分的 ReadProcessMemory 或 WriteProcessMemory 请求。 (0x12B)
[0205/132429:WARNING:pe_image_reader.cc(281)] could not read dos header from C:\windows\SYSTEM32\shcore.dll
[0205/132429:ERROR:process_reader_win.cc(233)] ReadMemory at 0x50cf0000 of 64 bytes failed: 仅完成部分的 ReadProcessMemory 或 WriteProcessMemory 请求。 (0x12B)
[0205/132429:WARNING:pe_image_reader.cc(281)] could not read dos header from C:\Program Files (x86)\360\360Safe\safemon\iNetSafe.dll
[0205/132429:ERROR:process_reader_win.cc(233)] ReadMemory at 0x75110000 of 64 bytes failed: 仅完成部分的 ReadProcessMemory 或 WriteProcessMemory 请求。 (0x12B)
[0205/132429:WARNING:pe_image_reader.cc(281)] could not read dos header from C:\windows\SYSTEM32\profapi.dll
[0205/132429:ERROR:process_reader_win.cc(233)] ReadMemory at 0x75120000 of 64 bytes failed: 仅完成部分的 ReadProcessMemory 或 WriteProcessMemory 请求。 (0x12B)
[0205/132429:WARNING:pe_image_reader.cc(281)] could not read dos header from C:\windows\SYSTEM32\USERENV.dll
[0205/132429:ERROR:process_reader_win.cc(233)] ReadMemory at 0x70f30000 of 64 bytes failed: 仅完成部分的 ReadProcessMemory 或 WriteProcessMemory 请求。 (0x12B)
[0205/132429:WARNING:pe_image_reader.cc(281)] could not read dos header from C:\windows\SYSTEM32\dbghelp.dll
[0205/132429:ERROR:process_reader_win.cc(233)] ReadMemory at 0x6e540000 of 64 bytes failed: 仅完成部分的 ReadProcessMemory 或 WriteProcessMemory 请求。 (0x12B)
[0205/132429:WARNING:pe_image_reader.cc(281)] could not read dos header from C:\windows\WinSxS\x86_microsoft.windows.common-controls_6595b64144ccf1df_6.0.9600.17031_none_a9efdb8b01377ea7\COMCTL32.dll
[0205/132429:ERROR:process_reader_win.cc(233)] ReadMemory at 0x754e0000 of 64 bytes failed: 仅完成部分的 ReadProcessMemory 或 WriteProcessMemory 请求。 (0x12B)
[0205/132429:WARNING:pe_image_reader.cc(281)] could not read dos header from C:\windows\SYSTEM32\COMDLG32.dll
[0205/132429:ERROR:process_reader_win.cc(233)] ReadMemory at 0x6e7b0000 of 64 bytes failed: 仅完成部分的 ReadProcessMemory 或 WriteProcessMemory 请求。 (0x12B)
[0205/132429:WARNING:pe_image_reader.cc(281)] could not read dos header from C:\windows\SYSTEM32\USP10.dll
[0205/132429:ERROR:process_reader_win.cc(233)] ReadMemory at 0x6ef40000 of 64 bytes failed: 仅完成部分的 ReadProcessMemory 或 WriteProcessMemory 请求。 (0x12B)
[0205/132429:WARNING:pe_image_reader.cc(281)] could not read dos header from C:\windows\SYSTEM32\WINSPOOL.DRV
[0205/132429:ERROR:process_reader_win.cc(233)] ReadMemory at 0x74f90000 of 64 bytes failed: 仅完成部分的 ReadProcessMemory 或 WriteProcessMemory 请求。 (0x12B)
[0205/132429:WARNING:pe_image_reader.cc(281)] could not read dos header from C:\windows\SYSTEM32\WINNSI.DLL
[0205/132429:ERROR:process_reader_win.cc(233)] ReadMemory at 0x74fe0000 of 64 bytes failed: 仅完成部分的 ReadProcessMemory 或 WriteProcessMemory 请求。 (0x12B)
[0205/132429:WARNING:pe_image_reader.cc(281)] could not read dos header from C:\windows\SYSTEM32\IPHLPAPI.DLL
[0205/132429:ERROR:process_reader_win.cc(233)] ReadMemory at 0x74bc0000 of 64 bytes failed: 仅完成部分的 ReadProcessMemory 或 WriteProcessMemory 请求。 (0x12B)
[0205/132429:WARNING:pe_image_reader.cc(281)] could not read dos header from C:\windows\SYSTEM32\Secur32.dll
[0205/132429:ERROR:process_reader_win.cc(233)] ReadMemory at 0x6b130000 of 64 bytes failed: 仅完成部分的 ReadProcessMemory 或 WriteProcessMemory 请求。 (0x12B)
[0205/132429:WARNING:pe_image_reader.cc(281)] could not read dos header from C:\windows\SYSTEM32\DWrite.dll
[0205/132429:ERROR:process_reader_win.cc(233)] ReadMemory at 0x76ce0000 of 64 bytes failed: 仅完成部分的 ReadProcessMemory 或 WriteProcessMemory 请求。 (0x12B)
[0205/132429:WARNING:pe_image_reader.cc(281)] could not read dos header from C:\windows\SYSTEM32\MSASN1.dll
[0205/132429:ERROR:process_reader_win.cc(233)] ReadMemory at 0x75570000 of 64 bytes failed: 仅完成部分的 ReadProcessMemory 或 WriteProcessMemory 请求。 (0x12B)
[0205/132429:WARNING:pe_image_reader.cc(281)] could not read dos header from C:\windows\SYSTEM32\CRYPT32.dll
[0205/132429:ERROR:process_reader_win.cc(233)] ReadMemory at 0x774e0000 of 64 bytes failed: 仅完成部分的 ReadProcessMemory 或 WriteProcessMemory 请求。 (0x12B)
[0205/132429:WARNING:pe_image_reader.cc(281)] could not read dos header from C:\windows\SYSTEM32\WINTRUST.dll
[0205/132429:ERROR:process_reader_win.cc(233)] ReadMemory at 0xf3c0000 of 64 bytes failed: 仅完成部分的 ReadProcessMemory 或 WriteProcessMemory 请求。 (0x12B)
[0205/132429:WARNING:pe_image_reader.cc(281)] could not read dos header from C:\Program Files (x86)\Google\Chrome\Application\54.0.2840.87\chrome_child.dll
[0205/132430:ERROR:process_reader_win.cc(233)] ReadMemory at 0xb70000 of 64 bytes failed: 仅完成部分的 ReadProcessMemory 或 WriteProcessMemory 请求。 (0x12B)
[0205/132430:WARNING:pe_image_reader.cc(281)] could not read dos header from C:\Program Files (x86)\Google\Chrome\Application\chrome.exe
[0205/132430:ERROR:process_reader_win.cc(233)] ReadMemory at 0x777a0000 of 64 bytes failed: 仅完成部分的 ReadProcessMemory 或 WriteProcessMemory 请求。 (0x12B)
[0205/132430:WARNING:pe_image_reader.cc(281)] could not read dos header from C:\windows\SYSTEM32\ntdll.dll
[0205/132430:ERROR:process_reader_win.cc(233)] ReadMemory at 0x77180000 of 64 bytes failed: 仅完成部分的 ReadProcessMemory 或 WriteProcessMemory 请求。 (0x12B)
[0205/132430:WARNING:pe_image_reader.cc(281)] could not read dos header from C:\windows\SYSTEM32\KERNELBASE.dll
[0205/132430:ERROR:process_reader_win.cc(233)] ReadMemory at 0x77040000 of 64 bytes failed: 仅完成部分的 ReadProcessMemory 或 WriteProcessMemory 请求。 (0x12B)
[0205/132430:WARNING:pe_image_reader.cc(281)] could not read dos header from C:\windows\SYSTEM32\KERNEL32.DLL
[0205/132430:ERROR:process_reader_win.cc(233)] ReadMemory at 0x77250000 of 64 bytes failed: 仅完成部分的 ReadProcessMemory 或 WriteProcessMemory 请求。 (0x12B)
[0205/132430:WARNING:pe_image_reader.cc(281)] could not read dos header from C:\windows\SYSTEM32\msvcrt.dll
[0205/132430:ERROR:process_reader_win.cc(233)] ReadMemory at 0x75160000 of 64 bytes failed: 仅完成部分的 ReadProcessMemory 或 WriteProcessMemory 请求。 (0x12B)
[0205/132430:WARNING:pe_image_reader.cc(281)] could not read dos header from C:\windows\SYSTEM32\bcryptPrimitives.dll
[0205/132430:ERROR:process_reader_win.cc(233)] ReadMemory at 0x751c0000 of 64 bytes failed: 仅完成部分的 ReadProcessMemory 或 WriteProcessMemory 请求。 (0x12B)
[0205/132430:WARNING:pe_image_reader.cc(281)] could not read dos header from C:\windows\SYSTEM32\CRYPTBASE.DLL
[0205/132430:ERROR:process_reader_win.cc(233)] ReadMemory at 0x751d0000 of 64 bytes failed: 仅完成部分的 ReadProcessMemory 或 WriteProcessMemory 请求。 (0x12B)
[0205/132430:WARNING:pe_image_reader.cc(281)] could not read dos header from C:\windows\SYSTEM32\SspiCli.dll
[0205/132430:ERROR:process_reader_win.cc(233)] ReadMemory at 0x76cf0000 of 64 bytes failed: 仅完成部分的 ReadProcessMemory 或 WriteProcessMemory 请求。 (0x12B)
[0205/132430:WARNING:pe_image_reader.cc(281)] could not read dos header from C:\windows\SYSTEM32\RPCRT4.dll
[0205/132430:ERROR:process_reader_win.cc(233)] ReadMemory at 0x75af0000 of 64 bytes failed: 仅完成部分的 ReadProcessMemory 或 WriteProcessMemory 请求。 (0x12B)
[0205/132430:WARNING:pe_image_reader.cc(281)] could not read dos header from C:\windows\SYSTEM32\sechost.dll
[0205/132430:ERROR:process_reader_win.cc(233)] ReadMemory at 0x76db0000 of 64 bytes failed: 仅完成部分的 ReadProcessMemory 或 WriteProcessMemory 请求。 (0x12B)
[0205/132430:WARNING:pe_image_reader.cc(281)] could not read dos header from C:\windows\SYSTEM32\ADVAPI32.dll
[0205/132430:ERROR:process_reader_win.cc(233)] ReadMemory at 0x75150000 of 64 bytes failed: 仅完成部分的 ReadProcessMemory 或 WriteProcessMemory 请求。 (0x12B)
[0205/132430:WARNING:pe_image_reader.cc(281)] could not read dos header from C:\windows\SYSTEM32\VERSION.dll
[0205/132430:ERROR:process_reader_win.cc(233)] ReadMemory at 0x51c50000 of 64 bytes failed: 仅完成部分的 ReadProcessMemory 或 WriteProcessMemory 请求。 (0x12B)
[0205/132430:WARNING:pe_image_reader.cc(281)] could not read dos header from C:\Program Files (x86)\Google\Chrome\Application\54.0.2840.87\chrome_elf.dll
[0205/132430:ERROR:process_reader_win.cc(233)] ReadMemory at 0x76e30000 of 64 bytes failed: 仅完成部分的 ReadProcessMemory 或 WriteProcessMemory 请求。 (0x12B)
[0205/132430:WARNING:pe_image_reader.cc(281)] could not read dos header from C:\windows\SYSTEM32\combase.dll
[0205/132430:ERROR:process_reader_win.cc(233)] ReadMemory at 0x75980000 of 64 bytes failed: 仅完成部分的 ReadProcessMemory 或 WriteProcessMemory 请求。 (0x12B)
[0205/132430:WARNING:pe_image_reader.cc(281)] could not read dos header from C:\windows\SYSTEM32\GDI32.dll
[0205/132430:ERROR:process_reader_win.cc(233)] ReadMemory at 0x756f0000 of 64 bytes failed: 仅完成部分的 ReadProcessMemory 或 WriteProcessMemory 请求。 (0x12B)
[0205/132430:WARNING:pe_image_reader.cc(281)] could not read dos header from C:\windows\SYSTEM32\USER32.dll
[0205/132430:ERROR:process_reader_win.cc(233)] ReadMemory at 0x75200000 of 64 bytes failed: 仅完成部分的 ReadProcessMemory 或 WriteProcessMemory 请求。 (0x12B)
[0205/132430:WARNING:pe_image_reader.cc(281)] could not read dos header from C:\windows\SYSTEM32\MSCTF.dll
[0205/132430:ERROR:process_reader_win.cc(233)] ReadMemory at 0x773a0000 of 64 bytes failed: 仅完成部分的 ReadProcessMemory 或 WriteProcessMemory 请求。 (0x12B)
[0205/132430:WARNING:pe_image_reader.cc(281)] could not read dos header from C:\windows\system32\IMM32.DLL
[0205/132430:ERROR:process_reader_win.cc(233)] ReadMemory at 0x77310000 of 64 bytes failed: 仅完成部分的 ReadProcessMemory 或 WriteProcessMemory 请求。 (0x12B)
[0205/132430:WARNING:pe_image_reader.cc(281)] could not read dos header from C:\windows\SYSTEM32\SHLWAPI.dll
[0205/132430:ERROR:process_reader_win.cc(233)] ReadMemory at 0x75b30000 of 64 bytes failed: 仅完成部分的 ReadProcessMemory 或 WriteProcessMemory 请求。 (0x12B)
[0205/132430:WARNING:pe_image_reader.cc(281)] could not read dos header from C:\windows\SYSTEM32\SHELL32.dll
[0205/132430:ERROR:process_reader_win.cc(233)] ReadMemory at 0x76f80000 of 64 bytes failed: 仅完成部分的 ReadProcessMemory 或 WriteProcessMemory 请求。 (0x12B)
[0205/132430:WARNING:pe_image_reader.cc(281)] could not read dos header from C:\windows\SYSTEM32\cfgmgr32.dll
[0205/132430:ERROR:process_reader_win.cc(233)] ReadMemory at 0x74bd0000 of 64 bytes failed: 仅完成部分的 ReadProcessMemory 或 WriteProcessMemory 请求。 (0x12B)
[0205/132430:WARNING:pe_image_reader.cc(281)] could not read dos header from C:\windows\SYSTEM32\DEVOBJ.dll
[0205/132430:ERROR:process_reader_win.cc(233)] ReadMemory at 0x74bf0000 of 64 bytes failed: 仅完成部分的 ReadProcessMemory 或 WriteProcessMemory 请求。 (0x12B)
[0205/132430:WARNING:pe_image_reader.cc(281)] could not read dos header from C:\windows\SYSTEM32\WINMMBASE.dll
[0205/132430:ERROR:process_reader_win.cc(233)] ReadMemory at 0x74c10000 of 64 bytes failed: 仅完成部分的 ReadProcessMemory 或 WriteProcessMemory 请求。 (0x12B)
[0205/132430:WARNING:pe_image_reader.cc(281)] could not read dos header from C:\windows\SYSTEM32\WINMM.dll
[0205/132430:ERROR:process_reader_win.cc(233)] ReadMemory at 0x75140000 of 64 bytes failed: 仅完成部分的 ReadProcessMemory 或 WriteProcessMemory 请求。 (0x12B)
[0205/132430:WARNING:pe_image_reader.cc(281)] could not read dos header from C:\windows\SYSTEM32\WTSAPI32.dll
[0205/132430:ERROR:process_reader_win.cc(233)] ReadMemory at 0x74540000 of 64 bytes failed: 仅完成部分的 ReadProcessMemory 或 WriteProcessMemory 请求。 (0x12B)
[0205/132430:WARNING:pe_image_reader.cc(281)] could not read dos header from C:\windows\SYSTEM32\WINHTTP.dll
[0205/132430:ERROR:process_reader_win.cc(233)] ReadMemory at 0x773d0000 of 64 bytes failed: 仅完成部分的 ReadProcessMemory 或 WriteProcessMemory 请求。 (0x12B)
[0205/132430:WARNING:pe_image_reader.cc(281)] could not read dos header from C:\windows\SYSTEM32\ole32.dll
[0205/132430:ERROR:process_reader_win.cc(233)] ReadMemory at 0x75450000 of 64 bytes failed: 仅完成部分的 ReadProcessMemory 或 WriteProcessMemory 请求。 (0x12B)
[0205/132430:WARNING:pe_image_reader.cc(281)] could not read dos header from C:\windows\SYSTEM32\OLEAUT32.dll
[0205/132430:ERROR:process_reader_win.cc(233)] ReadMemory at 0x77360000 of 64 bytes failed: 仅完成部分的 ReadProcessMemory 或 WriteProcessMemory 请求。 (0x12B)
[0205/132430:WARNING:pe_image_reader.cc(281)] could not read dos header from C:\windows\SYSTEM32\PSAPI.DLL
[0205/132430:ERROR:process_reader_win.cc(233)] ReadMemory at 0x77390000 of 64 bytes failed: 仅完成部分的 ReadProcessMemory 或 WriteProcessMemory 请求。 (0x12B)
[0205/132430:WARNING:pe_image_reader.cc(281)] could not read dos header from C:\windows\SYSTEM32\NSI.dll
[0205/132430:ERROR:process_reader_win.cc(233)] ReadMemory at 0x75aa0000 of 64 bytes failed: 仅完成部分的 ReadProcessMemory 或 WriteProcessMemory 请求。 (0x12B)
[0205/132430:WARNING:pe_image_reader.cc(281)] could not read dos header from C:\windows\SYSTEM32\WS2_32.dll
[0205/132430:ERROR:process_reader_win.cc(233)] ReadMemory at 0x74fd0000 of 64 bytes failed: 仅完成部分的 ReadProcessMemory 或 WriteProcessMemory 请求。 (0x12B)
[0205/132430:WARNING:pe_image_reader.cc(281)] could not read dos header from C:\windows\SYSTEM32\netutils.dll
[0205/132430:ERROR:process_reader_win.cc(233)] ReadMemory at 0x74fb0000 of 64 bytes failed: 仅完成部分的 ReadProcessMemory 或 WriteProcessMemory 请求。 (0x12B)
[0205/132430:WARNING:pe_image_reader.cc(281)] could not read dos header from C:\windows\SYSTEM32\srvcli.dll
[0205/132430:ERROR:process_reader_win.cc(233)] ReadMemory at 0x74fa0000 of 64 bytes failed: 仅完成部分的 ReadProcessMemory 或 WriteProcessMemory 请求。 (0x12B)
[0205/132430:WARNING:pe_image_reader.cc(281)] could not read dos header from C:\windows\SYSTEM32\wkscli.dll
[0205/132430:ERROR:process_reader_win.cc(233)] ReadMemory at 0x75000000 of 64 bytes failed: 仅完成部分的 ReadProcessMemory 或 WriteProcessMemory 请求。 (0x12B)
[0205/132430:WARNING:pe_image_reader.cc(281)] could not read dos header from C:\windows\SYSTEM32\NETAPI32.dll
[0205/132430:ERROR:process_reader_win.cc(233)] ReadMemory at 0x6e020000 of 64 bytes failed: 仅完成部分的 ReadProcessMemory 或 WriteProcessMemory 请求。 (0x12B)
[0205/132430:WARNING:pe_image_reader.cc(281)] could not read dos header from C:\Program Files (x86)\360\360Safe\safemon\safemon.dll
[0205/132430:ERROR:process_reader_win.cc(233)] ReadMemory at 0x74f10000 of 64 bytes failed: 仅完成部分的 ReadProcessMemory 或 WriteProcessMemory 请求。 (0x12B)
[0205/132430:WARNING:pe_image_reader.cc(281)] could not read dos header from C:\windows\SYSTEM32\shcore.dll
[0205/132430:ERROR:process_reader_win.cc(233)] ReadMemory at 0x50cf0000 of 64 bytes failed: 仅完成部分的 ReadProcessMemory 或 WriteProcessMemory 请求。 (0x12B)
[0205/132430:WARNING:pe_image_reader.cc(281)] could not read dos header from C:\Program Files (x86)\360\360Safe\safemon\iNetSafe.dll
[0205/132430:ERROR:process_reader_win.cc(233)] ReadMemory at 0x75110000 of 64 bytes failed: 仅完成部分的 ReadProcessMemory 或 WriteProcessMemory 请求。 (0x12B)
[0205/132430:WARNING:pe_image_reader.cc(281)] could not read dos header from C:\windows\SYSTEM32\profapi.dll
[0205/132430:ERROR:process_reader_win.cc(233)] ReadMemory at 0x75120000 of 64 bytes failed: 仅完成部分的 ReadProcessMemory 或 WriteProcessMemory 请求。 (0x12B)
[0205/132430:WARNING:pe_image_reader.cc(281)] could not read dos header from C:\windows\SYSTEM32\USERENV.dll
[0205/132430:ERROR:process_reader_win.cc(233)] ReadMemory at 0x70f30000 of 64 bytes failed: 仅完成部分的 ReadProcessMemory 或 WriteProcessMemory 请求。 (0x12B)
[0205/132430:WARNING:pe_image_reader.cc(281)] could not read dos header from C:\windows\SYSTEM32\dbghelp.dll
[0205/132430:ERROR:process_reader_win.cc(233)] ReadMemory at 0x6e540000 of 64 bytes failed: 仅完成部分的 ReadProcessMemory 或 WriteProcessMemory 请求。 (0x12B)
[0205/132430:WARNING:pe_image_reader.cc(281)] could not read dos header from C:\windows\WinSxS\x86_microsoft.windows.common-controls_6595b64144ccf1df_6.0.9600.17031_none_a9efdb8b01377ea7\COMCTL32.dll
[0205/132430:ERROR:process_reader_win.cc(233)] ReadMemory at 0x754e0000 of 64 bytes failed: 仅完成部分的 ReadProcessMemory 或 WriteProcessMemory 请求。 (0x12B)
[0205/132430:WARNING:pe_image_reader.cc(281)] could not read dos header from C:\windows\SYSTEM32\COMDLG32.dll
[0205/132430:ERROR:process_reader_win.cc(233)] ReadMemory at 0x6e7b0000 of 64 bytes failed: 仅完成部分的 ReadProcessMemory 或 WriteProcessMemory 请求。 (0x12B)
[0205/132430:WARNING:pe_image_reader.cc(281)] could not read dos header from C:\windows\SYSTEM32\USP10.dll
[0205/132430:ERROR:process_reader_win.cc(233)] ReadMemory at 0x6ef40000 of 64 bytes failed: 仅完成部分的 ReadProcessMemory 或 WriteProcessMemory 请求。 (0x12B)
[0205/132430:WARNING:pe_image_reader.cc(281)] could not read dos header from C:\windows\SYSTEM32\WINSPOOL.DRV
[0205/132430:ERROR:process_reader_win.cc(233)] ReadMemory at 0x74f90000 of 64 bytes failed: 仅完成部分的 ReadProcessMemory 或 WriteProcessMemory 请求。 (0x12B)
[0205/132430:WARNING:pe_image_reader.cc(281)] could not read dos header from C:\windows\SYSTEM32\WINNSI.DLL
[0205/132430:ERROR:process_reader_win.cc(233)] ReadMemory at 0x74fe0000 of 64 bytes failed: 仅完成部分的 ReadProcessMemory 或 WriteProcessMemory 请求。 (0x12B)
[0205/132430:WARNING:pe_image_reader.cc(281)] could not read dos header from C:\windows\SYSTEM32\IPHLPAPI.DLL
[0205/132430:ERROR:process_reader_win.cc(233)] ReadMemory at 0x74bc0000 of 64 bytes failed: 仅完成部分的 ReadProcessMemory 或 WriteProcessMemory 请求。 (0x12B)
[0205/132430:WARNING:pe_image_reader.cc(281)] could not read dos header from C:\windows\SYSTEM32\Secur32.dll
[0205/132430:ERROR:process_reader_win.cc(233)] ReadMemory at 0x6b130000 of 64 bytes failed: 仅完成部分的 ReadProcessMemory 或 WriteProcessMemory 请求。 (0x12B)
[0205/132430:WARNING:pe_image_reader.cc(281)] could not read dos header from C:\windows\SYSTEM32\DWrite.dll
[0205/132430:ERROR:process_reader_win.cc(233)] ReadMemory at 0x76ce0000 of 64 bytes failed: 仅完成部分的 ReadProcessMemory 或 WriteProcessMemory 请求。 (0x12B)
[0205/132430:WARNING:pe_image_reader.cc(281)] could not read dos header from C:\windows\SYSTEM32\MSASN1.dll
[0205/132430:ERROR:process_reader_win.cc(233)] ReadMemory at 0x75570000 of 64 bytes failed: 仅完成部分的 ReadProcessMemory 或 WriteProcessMemory 请求。 (0x12B)
[0205/132430:WARNING:pe_image_reader.cc(281)] could not read dos header from C:\windows\SYSTEM32\CRYPT32.dll
[0205/132430:ERROR:process_reader_win.cc(233)] ReadMemory at 0x774e0000 of 64 bytes failed: 仅完成部分的 ReadProcessMemory 或 WriteProcessMemory 请求。 (0x12B)
[0205/132430:WARNING:pe_image_reader.cc(281)] could not read dos header from C:\windows\SYSTEM32\WINTRUST.dll
[0205/132430:ERROR:process_reader_win.cc(233)] ReadMemory at 0xf3c0000 of 64 bytes failed: 仅完成部分的 ReadProcessMemory 或 WriteProcessMemory 请求。 (0x12B)
[0205/132430:WARNING:pe_image_reader.cc(281)] could not read dos header from C:\Program Files (x86)\Google\Chrome\Application\54.0.2840.87\chrome_child.dll
[0205/132430:ERROR:process_reader_win.cc(233)] ReadMemory at 0xb70000 of 64 bytes failed: 仅完成部分的 ReadProcessMemory 或 WriteProcessMemory 请求。 (0x12B)
[0205/132430:WARNING:pe_image_reader.cc(281)] could not read dos header from C:\Program Files (x86)\Google\Chrome\Application\chrome.exe
[0205/132430:ERROR:process_reader_win.cc(233)] ReadMemory at 0x777a0000 of 64 bytes failed: 仅完成部分的 ReadProcessMemory 或 WriteProcessMemory 请求。 (0x12B)
[0205/132430:WARNING:pe_image_reader.cc(281)] could not read dos header from C:\windows\SYSTEM32\ntdll.dll
[0205/132430:ERROR:process_reader_win.cc(233)] ReadMemory at 0x77180000 of 64 bytes failed: 仅完成部分的 ReadProcessMemory 或 WriteProcessMemory 请求。 (0x12B)
[0205/132430:WARNING:pe_image_reader.cc(281)] could not read dos header from C:\windows\SYSTEM32\KERNELBASE.dll
[0205/132430:ERROR:process_reader_win.cc(233)] ReadMemory at 0x77040000 of 64 bytes failed: 仅完成部分的 ReadProcessMemory 或 WriteProcessMemory 请求。 (0x12B)
[0205/132430:WARNING:pe_image_reader.cc(281)] could not read dos header from C:\windows\SYSTEM32\KERNEL32.DLL
[0205/132430:ERROR:process_reader_win.cc(233)] ReadMemory at 0x77250000 of 64 bytes failed: 仅完成部分的 ReadProcessMemory 或 WriteProcessMemory 请求。 (0x12B)
[0205/132430:WARNING:pe_image_reader.cc(281)] could not read dos header from C:\windows\SYSTEM32\msvcrt.dll
[0205/132430:ERROR:process_reader_win.cc(233)] ReadMemory at 0x75160000 of 64 bytes failed: 仅完成部分的 ReadProcessMemory 或 WriteProcessMemory 请求。 (0x12B)
[0205/132430:WARNING:pe_image_reader.cc(281)] could not read dos header from C:\windows\SYSTEM32\bcryptPrimitives.dll
[0205/132430:ERROR:process_reader_win.cc(233)] ReadMemory at 0x751c0000 of 64 bytes failed: 仅完成部分的 ReadProcessMemory 或 WriteProcessMemory 请求。 (0x12B)
[0205/132430:WARNING:pe_image_reader.cc(281)] could not read dos header from C:\windows\SYSTEM32\CRYPTBASE.DLL
[0205/132430:ERROR:process_reader_win.cc(233)] ReadMemory at 0x751d0000 of 64 bytes failed: 仅完成部分的 ReadProcessMemory 或 WriteProcessMemory 请求。 (0x12B)
[0205/132430:WARNING:pe_image_reader.cc(281)] could not read dos header from C:\windows\SYSTEM32\SspiCli.dll
[0205/132430:ERROR:process_reader_win.cc(233)] ReadMemory at 0x76cf0000 of 64 bytes failed: 仅完成部分的 ReadProcessMemory 或 WriteProcessMemory 请求。 (0x12B)
[0205/132430:WARNING:pe_image_reader.cc(281)] could not read dos header from C:\windows\SYSTEM32\RPCRT4.dll
[0205/132430:ERROR:process_reader_win.cc(233)] ReadMemory at 0x75af0000 of 64 bytes failed: 仅完成部分的 ReadProcessMemory 或 WriteProcessMemory 请求。 (0x12B)
[0205/132430:WARNING:pe_image_reader.cc(281)] could not read dos header from C:\windows\SYSTEM32\sechost.dll
[0205/132430:ERROR:process_reader_win.cc(233)] ReadMemory at 0x76db0000 of 64 bytes failed: 仅完成部分的 ReadProcessMemory 或 WriteProcessMemory 请求。 (0x12B)
[0205/132430:WARNING:pe_image_reader.cc(281)] could not read dos header from C:\windows\SYSTEM32\ADVAPI32.dll
[0205/132430:ERROR:process_reader_win.cc(233)] ReadMemory at 0x75150000 of 64 bytes failed: 仅完成部分的 ReadProcessMemory 或 WriteProcessMemory 请求。 (0x12B)
[0205/132430:WARNING:pe_image_reader.cc(281)] could not read dos header from C:\windows\SYSTEM32\VERSION.dll
[0205/132430:ERROR:process_reader_win.cc(233)] ReadMemory at 0x51c50000 of 64 bytes failed: 仅完成部分的 ReadProcessMemory 或 WriteProcessMemory 请求。 (0x12B)
[0205/132430:WARNING:pe_image_reader.cc(281)] could not read dos header from C:\Program Files (x86)\Google\Chrome\Application\54.0.2840.87\chrome_elf.dll
[0205/132430:ERROR:process_reader_win.cc(233)] ReadMemory at 0x76e30000 of 64 bytes failed: 仅完成部分的 ReadProcessMemory 或 WriteProcessMemory 请求。 (0x12B)
[0205/132430:WARNING:pe_image_reader.cc(281)] could not read dos header from C:\windows\SYSTEM32\combase.dll
[0205/132430:ERROR:process_reader_win.cc(233)] ReadMemory at 0x75980000 of 64 bytes failed: 仅完成部分的 ReadProcessMemory 或 WriteProcessMemory 请求。 (0x12B)
[0205/132430:WARNING:pe_image_reader.cc(281)] could not read dos header from C:\windows\SYSTEM32\GDI32.dll
[0205/132430:ERROR:process_reader_win.cc(233)] ReadMemory at 0x756f0000 of 64 bytes failed: 仅完成部分的 ReadProcessMemory 或 WriteProcessMemory 请求。 (0x12B)
[0205/132430:WARNING:pe_image_reader.cc(281)] could not read dos header from C:\windows\SYSTEM32\USER32.dll
[0205/132430:ERROR:process_reader_win.cc(233)] ReadMemory at 0x75200000 of 64 bytes failed: 仅完成部分的 ReadProcessMemory 或 WriteProcessMemory 请求。 (0x12B)
[0205/132430:WARNING:pe_image_reader.cc(281)] could not read dos header from C:\windows\SYSTEM32\MSCTF.dll
[0205/132430:ERROR:process_reader_win.cc(233)] ReadMemory at 0x773a0000 of 64 bytes failed: 仅完成部分的 ReadProcessMemory 或 WriteProcessMemory 请求。 (0x12B)
[0205/132430:WARNING:pe_image_reader.cc(281)] could not read dos header from C:\windows\system32\IMM32.DLL
[0205/132430:ERROR:process_reader_win.cc(233)] ReadMemory at 0x77310000 of 64 bytes failed: 仅完成部分的 ReadProcessMemory 或 WriteProcessMemory 请求。 (0x12B)
[0205/132430:WARNING:pe_image_reader.cc(281)] could not read dos header from C:\windows\SYSTEM32\SHLWAPI.dll
[0205/132430:ERROR:process_reader_win.cc(233)] ReadMemory at 0x75b30000 of 64 bytes failed: 仅完成部分的 ReadProcessMemory 或 WriteProcessMemory 请求。 (0x12B)
[0205/132430:WARNING:pe_image_reader.cc(281)] could not read dos header from C:\windows\SYSTEM32\SHELL32.dll
[0205/132430:ERROR:process_reader_win.cc(233)] ReadMemory at 0x76f80000 of 64 bytes failed: 仅完成部分的 ReadProcessMemory 或 WriteProcessMemory 请求。 (0x12B)
[0205/132430:WARNING:pe_image_reader.cc(281)] could not read dos header from C:\windows\SYSTEM32\cfgmgr32.dll
[0205/132430:ERROR:process_reader_win.cc(233)] ReadMemory at 0x74bd0000 of 64 bytes failed: 仅完成部分的 ReadProcessMemory 或 WriteProcessMemory 请求。 (0x12B)
[0205/132430:WARNING:pe_image_reader.cc(281)] could not read dos header from C:\windows\SYSTEM32\DEVOBJ.dll
[0205/132430:ERROR:process_reader_win.cc(233)] ReadMemory at 0x74bf0000 of 64 bytes failed: 仅完成部分的 ReadProcessMemory 或 WriteProcessMemory 请求。 (0x12B)
[0205/132430:WARNING:pe_image_reader.cc(281)] could not read dos header from C:\windows\SYSTEM32\WINMMBASE.dll
[0205/132430:ERROR:process_reader_win.cc(233)] ReadMemory at 0x74c10000 of 64 bytes failed: 仅完成部分的 ReadProcessMemory 或 WriteProcessMemory 请求。 (0x12B)
[0205/132430:WARNING:pe_image_reader.cc(281)] could not read dos header from C:\windows\SYSTEM32\WINMM.dll
[0205/132430:ERROR:process_reader_win.cc(233)] ReadMemory at 0x75140000 of 64 bytes failed: 仅完成部分的 ReadProcessMemory 或 WriteProcessMemory 请求。 (0x12B)
[0205/132430:WARNING:pe_image_reader.cc(281)] could not read dos header from C:\windows\SYSTEM32\WTSAPI32.dll
[0205/132430:ERROR:process_reader_win.cc(233)] ReadMemory at 0x74540000 of 64 bytes failed: 仅完成部分的 ReadProcessMemory 或 WriteProcessMemory 请求。 (0x12B)
[0205/132430:WARNING:pe_image_reader.cc(281)] could not read dos header from C:\windows\SYSTEM32\WINHTTP.dll
[0205/132430:ERROR:process_reader_win.cc(233)] ReadMemory at 0x773d0000 of 64 bytes failed: 仅完成部分的 ReadProcessMemory 或 WriteProcessMemory 请求。 (0x12B)
[0205/132430:WARNING:pe_image_reader.cc(281)] could not read dos header from C:\windows\SYSTEM32\ole32.dll
[0205/132430:ERROR:process_reader_win.cc(233)] ReadMemory at 0x75450000 of 64 bytes failed: 仅完成部分的 ReadProcessMemory 或 WriteProcessMemory 请求。 (0x12B)
[0205/132430:WARNING:pe_image_reader.cc(281)] could not read dos header from C:\windows\SYSTEM32\OLEAUT32.dll
[0205/132430:ERROR:process_reader_win.cc(233)] ReadMemory at 0x77360000 of 64 bytes failed: 仅完成部分的 ReadProcessMemory 或 WriteProcessMemory 请求。 (0x12B)
[0205/132430:WARNING:pe_image_reader.cc(281)] could not read dos header from C:\windows\SYSTEM32\PSAPI.DLL
[0205/132430:ERROR:process_reader_win.cc(233)] ReadMemory at 0x77390000 of 64 bytes failed: 仅完成部分的 ReadProcessMemory 或 WriteProcessMemory 请求。 (0x12B)
[0205/132430:WARNING:pe_image_reader.cc(281)] could not read dos header from C:\windows\SYSTEM32\NSI.dll
[0205/132430:ERROR:process_reader_win.cc(233)] ReadMemory at 0x75aa0000 of 64 bytes failed: 仅完成部分的 ReadProcessMemory 或 WriteProcessMemory 请求。 (0x12B)
[0205/132430:WARNING:pe_image_reader.cc(281)] could not read dos header from C:\windows\SYSTEM32\WS2_32.dll
[0205/132430:ERROR:process_reader_win.cc(233)] ReadMemory at 0x74fd0000 of 64 bytes failed: 仅完成部分的 ReadProcessMemory 或 WriteProcessMemory 请求。 (0x12B)
[0205/132430:WARNING:pe_image_reader.cc(281)] could not read dos header from C:\windows\SYSTEM32\netutils.dll
[0205/132430:ERROR:process_reader_win.cc(233)] ReadMemory at 0x74fb0000 of 64 bytes failed: 仅完成部分的 ReadProcessMemory 或 WriteProcessMemory 请求。 (0x12B)
[0205/132430:WARNING:pe_image_reader.cc(281)] could not read dos header from C:\windows\SYSTEM32\srvcli.dll
[0205/132430:ERROR:process_reader_win.cc(233)] ReadMemory at 0x74fa0000 of 64 bytes failed: 仅完成部分的 ReadProcessMemory 或 WriteProcessMemory 请求。 (0x12B)
[0205/132430:WARNING:pe_image_reader.cc(281)] could not read dos header from C:\windows\SYSTEM32\wkscli.dll
[0205/132430:ERROR:process_reader_win.cc(233)] ReadMemory at 0x75000000 of 64 bytes failed: 仅完成部分的 ReadProcessMemory 或 WriteProcessMemory 请求。 (0x12B)
[0205/132430:WARNING:pe_image_reader.cc(281)] could not read dos header from C:\windows\SYSTEM32\NETAPI32.dll
[0205/132430:ERROR:process_reader_win.cc(233)] ReadMemory at 0x6e020000 of 64 bytes failed: 仅完成部分的 ReadProcessMemory 或 WriteProcessMemory 请求。 (0x12B)
[0205/132430:WARNING:pe_image_reader.cc(281)] could not read dos header from C:\Program Files (x86)\360\360Safe\safemon\safemon.dll
[0205/132430:ERROR:process_reader_win.cc(233)] ReadMemory at 0x74f10000 of 64 bytes failed: 仅完成部分的 ReadProcessMemory 或 WriteProcessMemory 请求。 (0x12B)
[0205/132430:WARNING:pe_image_reader.cc(281)] could not read dos header from C:\windows\SYSTEM32\shcore.dll
[0205/132430:ERROR:process_reader_win.cc(233)] ReadMemory at 0x50cf0000 of 64 bytes failed: 仅完成部分的 ReadProcessMemory 或 WriteProcessMemory 请求。 (0x12B)
[0205/132430:WARNING:pe_image_reader.cc(281)] could not read dos header from C:\Program Files (x86)\360\360Safe\safemon\iNetSafe.dll
[0205/132430:ERROR:process_reader_win.cc(233)] ReadMemory at 0x75110000 of 64 bytes failed: 仅完成部分的 ReadProcessMemory 或 WriteProcessMemory 请求。 (0x12B)
[0205/132430:WARNING:pe_image_reader.cc(281)] could not read dos header from C:\windows\SYSTEM32\profapi.dll
[0205/132430:ERROR:process_reader_win.cc(233)] ReadMemory at 0x75120000 of 64 bytes failed: 仅完成部分的 ReadProcessMemory 或 WriteProcessMemory 请求。 (0x12B)
[0205/132430:WARNING:pe_image_reader.cc(281)] could not read dos header from C:\windows\SYSTEM32\USERENV.dll
[0205/132430:ERROR:process_reader_win.cc(233)] ReadMemory at 0x70f30000 of 64 bytes failed: 仅完成部分的 ReadProcessMemory 或 WriteProcessMemory 请求。 (0x12B)
[0205/132430:WARNING:pe_image_reader.cc(281)] could not read dos header from C:\windows\SYSTEM32\dbghelp.dll
[0205/132430:ERROR:process_reader_win.cc(233)] ReadMemory at 0x6e540000 of 64 bytes failed: 仅完成部分的 ReadProcessMemory 或 WriteProcessMemory 请求。 (0x12B)
[0205/132430:WARNING:pe_image_reader.cc(281)] could not read dos header from C:\windows\WinSxS\x86_microsoft.windows.common-controls_6595b64144ccf1df_6.0.9600.17031_none_a9efdb8b01377ea7\COMCTL32.dll
[0205/132430:ERROR:process_reader_win.cc(233)] ReadMemory at 0x754e0000 of 64 bytes failed: 仅完成部分的 ReadProcessMemory 或 WriteProcessMemory 请求。 (0x12B)
[0205/132430:WARNING:pe_image_reader.cc(281)] could not read dos header from C:\windows\SYSTEM32\COMDLG32.dll
[0205/132430:ERROR:process_reader_win.cc(233)] ReadMemory at 0x6e7b0000 of 64 bytes failed: 仅完成部分的 ReadProcessMemory 或 WriteProcessMemory 请求。 (0x12B)
[0205/132430:WARNING:pe_image_reader.cc(281)] could not read dos header from C:\windows\SYSTEM32\USP10.dll
[0205/132430:ERROR:process_reader_win.cc(233)] ReadMemory at 0x6ef40000 of 64 bytes failed: 仅完成部分的 ReadProcessMemory 或 WriteProcessMemory 请求。 (0x12B)
[0205/132430:WARNING:pe_image_reader.cc(281)] could not read dos header from C:\windows\SYSTEM32\WINSPOOL.DRV
[0205/132430:ERROR:process_reader_win.cc(233)] ReadMemory at 0x74f90000 of 64 bytes failed: 仅完成部分的 ReadProcessMemory 或 WriteProcessMemory 请求。 (0x12B)
[0205/132430:WARNING:pe_image_reader.cc(281)] could not read dos header from C:\windows\SYSTEM32\WINNSI.DLL
[0205/132430:ERROR:process_reader_win.cc(233)] ReadMemory at 0x74fe0000 of 64 bytes failed: 仅完成部分的 ReadProcessMemory 或 WriteProcessMemory 请求。 (0x12B)
[0205/132430:WARNING:pe_image_reader.cc(281)] could not read dos header from C:\windows\SYSTEM32\IPHLPAPI.DLL
[0205/132430:ERROR:process_reader_win.cc(233)] ReadMemory at 0x74bc0000 of 64 bytes failed: 仅完成部分的 ReadProcessMemory 或 WriteProcessMemory 请求。 (0x12B)
[0205/132430:WARNING:pe_image_reader.cc(281)] could not read dos header from C:\windows\SYSTEM32\Secur32.dll
[0205/132430:ERROR:process_reader_win.cc(233)] ReadMemory at 0x6b130000 of 64 bytes failed: 仅完成部分的 ReadProcessMemory 或 WriteProcessMemory 请求。 (0x12B)
[0205/132430:WARNING:pe_image_reader.cc(281)] could not read dos header from C:\windows\SYSTEM32\DWrite.dll
[0205/132430:ERROR:process_reader_win.cc(233)] ReadMemory at 0x76ce0000 of 64 bytes failed: 仅完成部分的 ReadProcessMemory 或 WriteProcessMemory 请求。 (0x12B)
[0205/132430:WARNING:pe_image_reader.cc(281)] could not read dos header from C:\windows\SYSTEM32\MSASN1.dll
[0205/132430:ERROR:process_reader_win.cc(233)] ReadMemory at 0x75570000 of 64 bytes failed: 仅完成部分的 ReadProcessMemory 或 WriteProcessMemory 请求。 (0x12B)
[0205/132430:WARNING:pe_image_reader.cc(281)] could not read dos header from C:\windows\SYSTEM32\CRYPT32.dll
[0205/132430:ERROR:process_reader_win.cc(233)] ReadMemory at 0x774e0000 of 64 bytes failed: 仅完成部分的 ReadProcessMemory 或 WriteProcessMemory 请求。 (0x12B)
[0205/132430:WARNING:pe_image_reader.cc(281)] could not read dos header from C:\windows\SYSTEM32\WINTRUST.dll
[0205/132430:ERROR:process_reader_win.cc(233)] ReadMemory at 0xf3c0000 of 64 bytes failed: 仅完成部分的 ReadProcessMemory 或 WriteProcessMemory 请求。 (0x12B)
[0205/132430:WARNING:pe_image_reader.cc(281)] could not read dos header from C:\Program Files (x86)\Google\Chrome\Application\54.0.2840.87\chrome_child.dll
[0205/132430:ERROR:process_reader_win.cc(233)] ReadMemory at 0xb70000 of 64 bytes failed: 仅完成部分的 ReadProcessMemory 或 WriteProcessMemory 请求。 (0x12B)
[0205/132430:WARNING:pe_image_reader.cc(281)] could not read dos header from C:\Program Files (x86)\Google\Chrome\Application\chrome.exe
[0205/132430:ERROR:process_reader_win.cc(233)] ReadMemory at 0x777a0000 of 64 bytes failed: 仅完成部分的 ReadProcessMemory 或 WriteProcessMemory 请求。 (0x12B)
[0205/132430:WARNING:pe_image_reader.cc(281)] could not read dos header from C:\windows\SYSTEM32\ntdll.dll
[0205/132430:ERROR:process_reader_win.cc(233)] ReadMemory at 0x77180000 of 64 bytes failed: 仅完成部分的 ReadProcessMemory 或 WriteProcessMemory 请求。 (0x12B)
[0205/132430:WARNING:pe_image_reader.cc(281)] could not read dos header from C:\windows\SYSTEM32\KERNELBASE.dll
[0205/132430:ERROR:process_reader_win.cc(233)] ReadMemory at 0x77040000 of 64 bytes failed: 仅完成部分的 ReadProcessMemory 或 WriteProcessMemory 请求。 (0x12B)
[0205/132430:WARNING:pe_image_reader.cc(281)] could not read dos header from C:\windows\SYSTEM32\KERNEL32.DLL
[0205/132430:ERROR:process_reader_win.cc(233)] ReadMemory at 0x77250000 of 64 bytes failed: 仅完成部分的 ReadProcessMemory 或 WriteProcessMemory 请求。 (0x12B)
[0205/132430:WARNING:pe_image_reader.cc(281)] could not read dos header from C:\windows\SYSTEM32\msvcrt.dll
[0205/132430:ERROR:process_reader_win.cc(233)] ReadMemory at 0x75160000 of 64 bytes failed: 仅完成部分的 ReadProcessMemory 或 WriteProcessMemory 请求。 (0x12B)
[0205/132430:WARNING:pe_image_reader.cc(281)] could not read dos header from C:\windows\SYSTEM32\bcryptPrimitives.dll
[0205/132430:ERROR:process_reader_win.cc(233)] ReadMemory at 0x751c0000 of 64 bytes failed: 仅完成部分的 ReadProcessMemory 或 WriteProcessMemory 请求。 (0x12B)
[0205/132430:WARNING:pe_image_reader.cc(281)] could not read dos header from C:\windows\SYSTEM32\CRYPTBASE.DLL
[0205/132430:ERROR:process_reader_win.cc(233)] ReadMemory at 0x751d0000 of 64 bytes failed: 仅完成部分的 ReadProcessMemory 或 WriteProcessMemory 请求。 (0x12B)
[0205/132430:WARNING:pe_image_reader.cc(281)] could not read dos header from C:\windows\SYSTEM32\SspiCli.dll
[0205/132430:ERROR:process_reader_win.cc(233)] ReadMemory at 0x76cf0000 of 64 bytes failed: 仅完成部分的 ReadProcessMemory 或 WriteProcessMemory 请求。 (0x12B)
[0205/132430:WARNING:pe_image_reader.cc(281)] could not read dos header from C:\windows\SYSTEM32\RPCRT4.dll
[0205/132430:ERROR:process_reader_win.cc(233)] ReadMemory at 0x75af0000 of 64 bytes failed: 仅完成部分的 ReadProcessMemory 或 WriteProcessMemory 请求。 (0x12B)
[0205/132430:WARNING:pe_image_reader.cc(281)] could not read dos header from C:\windows\SYSTEM32\sechost.dll
[0205/132430:ERROR:process_reader_win.cc(233)] ReadMemory at 0x76db0000 of 64 bytes failed: 仅完成部分的 ReadProcessMemory 或 WriteProcessMemory 请求。 (0x12B)
[0205/132430:WARNING:pe_image_reader.cc(281)] could not read dos header from C:\windows\SYSTEM32\ADVAPI32.dll
[0205/132430:ERROR:process_reader_win.cc(233)] ReadMemory at 0x75150000 of 64 bytes failed: 仅完成部分的 ReadProcessMemory 或 WriteProcessMemory 请求。 (0x12B)
[0205/132430:WARNING:pe_image_reader.cc(281)] could not read dos header from C:\windows\SYSTEM32\VERSION.dll
[0205/132430:ERROR:process_reader_win.cc(233)] ReadMemory at 0x51c50000 of 64 bytes failed: 仅完成部分的 ReadProcessMemory 或 WriteProcessMemory 请求。 (0x12B)
[0205/132430:WARNING:pe_image_reader.cc(281)] could not read dos header from C:\Program Files (x86)\Google\Chrome\Application\54.0.2840.87\chrome_elf.dll
[0205/132430:ERROR:process_reader_win.cc(233)] ReadMemory at 0x76e30000 of 64 bytes failed: 仅完成部分的 ReadProcessMemory 或 WriteProcessMemory 请求。 (0x12B)
[0205/132430:WARNING:pe_image_reader.cc(281)] could not read dos header from C:\windows\SYSTEM32\combase.dll
[0205/132430:ERROR:process_reader_win.cc(233)] ReadMemory at 0x75980000 of 64 bytes failed: 仅完成部分的 ReadProcessMemory 或 WriteProcessMemory 请求。 (0x12B)
[0205/132430:WARNING:pe_image_reader.cc(281)] could not read dos header from C:\windows\SYSTEM32\GDI32.dll
[0205/132430:ERROR:process_reader_win.cc(233)] ReadMemory at 0x756f0000 of 64 bytes failed: 仅完成部分的 ReadProcessMemory 或 WriteProcessMemory 请求。 (0x12B)
[0205/132430:WARNING:pe_image_reader.cc(281)] could not read dos header from C:\windows\SYSTEM32\USER32.dll
[0205/132430:ERROR:process_reader_win.cc(233)] ReadMemory at 0x75200000 of 64 bytes failed: 仅完成部分的 ReadProcessMemory 或 WriteProcessMemory 请求。 (0x12B)
[0205/132430:WARNING:pe_image_reader.cc(281)] could not read dos header from C:\windows\SYSTEM32\MSCTF.dll
[0205/132430:ERROR:process_reader_win.cc(233)] ReadMemory at 0x773a0000 of 64 bytes failed: 仅完成部分的 ReadProcessMemory 或 WriteProcessMemory 请求。 (0x12B)
[0205/132430:WARNING:pe_image_reader.cc(281)] could not read dos header from C:\windows\system32\IMM32.DLL
[0205/132430:ERROR:process_reader_win.cc(233)] ReadMemory at 0x77310000 of 64 bytes failed: 仅完成部分的 ReadProcessMemory 或 WriteProcessMemory 请求。 (0x12B)
[0205/132430:WARNING:pe_image_reader.cc(281)] could not read dos header from C:\windows\SYSTEM32\SHLWAPI.dll
[0205/132430:ERROR:process_reader_win.cc(233)] ReadMemory at 0x75b30000 of 64 bytes failed: 仅完成部分的 ReadProcessMemory 或 WriteProcessMemory 请求。 (0x12B)
[0205/132430:WARNING:pe_image_reader.cc(281)] could not read dos header from C:\windows\SYSTEM32\SHELL32.dll
[0205/132430:ERROR:process_reader_win.cc(233)] ReadMemory at 0x76f80000 of 64 bytes failed: 仅完成部分的 ReadProcessMemory 或 WriteProcessMemory 请求。 (0x12B)
[0205/132430:WARNING:pe_image_reader.cc(281)] could not read dos header from C:\windows\SYSTEM32\cfgmgr32.dll
[0205/132430:ERROR:process_reader_win.cc(233)] ReadMemory at 0x74bd0000 of 64 bytes failed: 仅完成部分的 ReadProcessMemory 或 WriteProcessMemory 请求。 (0x12B)
[0205/132430:WARNING:pe_image_reader.cc(281)] could not read dos header from C:\windows\SYSTEM32\DEVOBJ.dll
[0205/132430:ERROR:process_reader_win.cc(233)] ReadMemory at 0x74bf0000 of 64 bytes failed: 仅完成部分的 ReadProcessMemory 或 WriteProcessMemory 请求。 (0x12B)
[0205/132430:WARNING:pe_image_reader.cc(281)] could not read dos header from C:\windows\SYSTEM32\WINMMBASE.dll
[0205/132430:ERROR:process_reader_win.cc(233)] ReadMemory at 0x74c10000 of 64 bytes failed: 仅完成部分的 ReadProcessMemory 或 WriteProcessMemory 请求。 (0x12B)
[0205/132430:WARNING:pe_image_reader.cc(281)] could not read dos header from C:\windows\SYSTEM32\WINMM.dll
[0205/132430:ERROR:process_reader_win.cc(233)] ReadMemory at 0x75140000 of 64 bytes failed: 仅完成部分的 ReadProcessMemory 或 WriteProcessMemory 请求。 (0x12B)
[0205/132430:WARNING:pe_image_reader.cc(281)] could not read dos header from C:\windows\SYSTEM32\WTSAPI32.dll
[0205/132430:ERROR:process_reader_win.cc(233)] ReadMemory at 0x74540000 of 64 bytes failed: 仅完成部分的 ReadProcessMemory 或 WriteProcessMemory 请求。 (0x12B)
[0205/132430:WARNING:pe_image_reader.cc(281)] could not read dos header from C:\windows\SYSTEM32\WINHTTP.dll
[0205/132430:ERROR:process_reader_win.cc(233)] ReadMemory at 0x773d0000 of 64 bytes failed: 仅完成部分的 ReadProcessMemory 或 WriteProcessMemory 请求。 (0x12B)
[0205/132430:WARNING:pe_image_reader.cc(281)] could not read dos header from C:\windows\SYSTEM32\ole32.dll
[0205/132430:ERROR:process_reader_win.cc(233)] ReadMemory at 0x75450000 of 64 bytes failed: 仅完成部分的 ReadProcessMemory 或 WriteProcessMemory 请求。 (0x12B)
[0205/132430:WARNING:pe_image_reader.cc(281)] could not read dos header from C:\windows\SYSTEM32\OLEAUT32.dll
[0205/132430:ERROR:process_reader_win.cc(233)] ReadMemory at 0x77360000 of 64 bytes failed: 仅完成部分的 ReadProcessMemory 或 WriteProcessMemory 请求。 (0x12B)
[0205/132430:WARNING:pe_image_reader.cc(281)] could not read dos header from C:\windows\SYSTEM32\PSAPI.DLL
[0205/132430:ERROR:process_reader_win.cc(233)] ReadMemory at 0x77390000 of 64 bytes failed: 仅完成部分的 ReadProcessMemory 或 WriteProcessMemory 请求。 (0x12B)
[0205/132430:WARNING:pe_image_reader.cc(281)] could not read dos header from C:\windows\SYSTEM32\NSI.dll
[0205/132430:ERROR:process_reader_win.cc(233)] ReadMemory at 0x75aa0000 of 64 bytes failed: 仅完成部分的 ReadProcessMemory 或 WriteProcessMemory 请求。 (0x12B)
[0205/132430:WARNING:pe_image_reader.cc(281)] could not read dos header from C:\windows\SYSTEM32\WS2_32.dll
[0205/132430:ERROR:process_reader_win.cc(233)] ReadMemory at 0x74fd0000 of 64 bytes failed: 仅完成部分的 ReadProcessMemory 或 WriteProcessMemory 请求。 (0x12B)
[0205/132430:WARNING:pe_image_reader.cc(281)] could not read dos header from C:\windows\SYSTEM32\netutils.dll
[0205/132430:ERROR:process_reader_win.cc(233)] ReadMemory at 0x74fb0000 of 64 bytes failed: 仅完成部分的 ReadProcessMemory 或 WriteProcessMemory 请求。 (0x12B)
[0205/132430:WARNING:pe_image_reader.cc(281)] could not read dos header from C:\windows\SYSTEM32\srvcli.dll
[0205/132430:ERROR:process_reader_win.cc(233)] ReadMemory at 0x74fa0000 of 64 bytes failed: 仅完成部分的 ReadProcessMemory 或 WriteProcessMemory 请求。 (0x12B)
[0205/132430:WARNING:pe_image_reader.cc(281)] could not read dos header from C:\windows\SYSTEM32\wkscli.dll
[0205/132430:ERROR:process_reader_win.cc(233)] ReadMemory at 0x75000000 of 64 bytes failed: 仅完成部分的 ReadProcessMemory 或 WriteProcessMemory 请求。 (0x12B)
[0205/132430:WARNING:pe_image_reader.cc(281)] could not read dos header from C:\windows\SYSTEM32\NETAPI32.dll
[0205/132430:ERROR:process_reader_win.cc(233)] ReadMemory at 0x6e020000 of 64 bytes failed: 仅完成部分的 ReadProcessMemory 或 WriteProcessMemory 请求。 (0x12B)
[0205/132430:WARNING:pe_image_reader.cc(281)] could not read dos header from C:\Program Files (x86)\360\360Safe\safemon\safemon.dll
[0205/132430:ERROR:process_reader_win.cc(233)] ReadMemory at 0x74f10000 of 64 bytes failed: 仅完成部分的 ReadProcessMemory 或 WriteProcessMemory 请求。 (0x12B)
[0205/132430:WARNING:pe_image_reader.cc(281)] could not read dos header from C:\windows\SYSTEM32\shcore.dll
[0205/132430:ERROR:process_reader_win.cc(233)] ReadMemory at 0x50cf0000 of 64 bytes failed: 仅完成部分的 ReadProcessMemory 或 WriteProcessMemory 请求。 (0x12B)
[0205/132430:WARNING:pe_image_reader.cc(281)] could not read dos header from C:\Program Files (x86)\360\360Safe\safemon\iNetSafe.dll
[0205/132430:ERROR:process_reader_win.cc(233)] ReadMemory at 0x75110000 of 64 bytes failed: 仅完成部分的 ReadProcessMemory 或 WriteProcessMemory 请求。 (0x12B)
[0205/132430:WARNING:pe_image_reader.cc(281)] could not read dos header from C:\windows\SYSTEM32\profapi.dll
[0205/132430:ERROR:process_reader_win.cc(233)] ReadMemory at 0x75120000 of 64 bytes failed: 仅完成部分的 ReadProcessMemory 或 WriteProcessMemory 请求。 (0x12B)
[0205/132430:WARNING:pe_image_reader.cc(281)] could not read dos header from C:\windows\SYSTEM32\USERENV.dll
[0205/132430:ERROR:process_reader_win.cc(233)] ReadMemory at 0x70f30000 of 64 bytes failed: 仅完成部分的 ReadProcessMemory 或 WriteProcessMemory 请求。 (0x12B)
[0205/132430:WARNING:pe_image_reader.cc(281)] could not read dos header from C:\windows\SYSTEM32\dbghelp.dll
[0205/132430:ERROR:process_reader_win.cc(233)] ReadMemory at 0x6e540000 of 64 bytes failed: 仅完成部分的 ReadProcessMemory 或 WriteProcessMemory 请求。 (0x12B)
[0205/132430:WARNING:pe_image_reader.cc(281)] could not read dos header from C:\windows\WinSxS\x86_microsoft.windows.common-controls_6595b64144ccf1df_6.0.9600.17031_none_a9efdb8b01377ea7\COMCTL32.dll
[0205/132430:ERROR:process_reader_win.cc(233)] ReadMemory at 0x754e0000 of 64 bytes failed: 仅完成部分的 ReadProcessMemory 或 WriteProcessMemory 请求。 (0x12B)
[0205/132430:WARNING:pe_image_reader.cc(281)] could not read dos header from C:\windows\SYSTEM32\COMDLG32.dll
[0205/132430:ERROR:process_reader_win.cc(233)] ReadMemory at 0x6e7b0000 of 64 bytes failed: 仅完成部分的 ReadProcessMemory 或 WriteProcessMemory 请求。 (0x12B)
[0205/132430:WARNING:pe_image_reader.cc(281)] could not read dos header from C:\windows\SYSTEM32\USP10.dll
[0205/132430:ERROR:process_reader_win.cc(233)] ReadMemory at 0x6ef40000 of 64 bytes failed: 仅完成部分的 ReadProcessMemory 或 WriteProcessMemory 请求。 (0x12B)
[0205/132430:WARNING:pe_image_reader.cc(281)] could not read dos header from C:\windows\SYSTEM32\WINSPOOL.DRV
[0205/132430:ERROR:process_reader_win.cc(233)] ReadMemory at 0x74f90000 of 64 bytes failed: 仅完成部分的 ReadProcessMemory 或 WriteProcessMemory 请求。 (0x12B)
[0205/132430:WARNING:pe_image_reader.cc(281)] could not read dos header from C:\windows\SYSTEM32\WINNSI.DLL
[0205/132430:ERROR:process_reader_win.cc(233)] ReadMemory at 0x74fe0000 of 64 bytes failed: 仅完成部分的 ReadProcessMemory 或 WriteProcessMemory 请求。 (0x12B)
[0205/132430:WARNING:pe_image_reader.cc(281)] could not read dos header from C:\windows\SYSTEM32\IPHLPAPI.DLL
[0205/132430:ERROR:process_reader_win.cc(233)] ReadMemory at 0x74bc0000 of 64 bytes failed: 仅完成部分的 ReadProcessMemory 或 WriteProcessMemory 请求。 (0x12B)
[0205/132430:WARNING:pe_image_reader.cc(281)] could not read dos header from C:\windows\SYSTEM32\Secur32.dll
[0205/132430:ERROR:process_reader_win.cc(233)] ReadMemory at 0x6b130000 of 64 bytes failed: 仅完成部分的 ReadProcessMemory 或 WriteProcessMemory 请求。 (0x12B)
[0205/132430:WARNING:pe_image_reader.cc(281)] could not read dos header from C:\windows\SYSTEM32\DWrite.dll
[0205/132430:ERROR:process_reader_win.cc(233)] ReadMemory at 0x76ce0000 of 64 bytes failed: 仅完成部分的 ReadProcessMemory 或 WriteProcessMemory 请求。 (0x12B)
[0205/132430:WARNING:pe_image_reader.cc(281)] could not read dos header from C:\windows\SYSTEM32\MSASN1.dll
[0205/132430:ERROR:process_reader_win.cc(233)] ReadMemory at 0x75570000 of 64 bytes failed: 仅完成部分的 ReadProcessMemory 或 WriteProcessMemory 请求。 (0x12B)
[0205/132430:WARNING:pe_image_reader.cc(281)] could not read dos header from C:\windows\SYSTEM32\CRYPT32.dll
[0205/132430:ERROR:process_reader_win.cc(233)] ReadMemory at 0x774e0000 of 64 bytes failed: 仅完成部分的 ReadProcessMemory 或 WriteProcessMemory 请求。 (0x12B)
[0205/132430:WARNING:pe_image_reader.cc(281)] could not read dos header from C:\windows\SYSTEM32\WINTRUST.dll
[0205/132430:ERROR:process_reader_win.cc(233)] ReadMemory at 0xf3c0000 of 64 bytes failed: 仅完成部分的 ReadProcessMemory 或 WriteProcessMemory 请求。 (0x12B)
[0205/132430:WARNING:pe_image_reader.cc(281)] could not read dos header from C:\Program Files (x86)\Google\Chrome\Application\54.0.2840.87\chrome_child.dll
[0205/132430:ERROR:process_reader_win.cc(233)] ReadMemory at 0xd55000 of 45056 bytes failed: 仅完成部分的 ReadProcessMemory 或 WriteProcessMemory 请求。 (0x12B)
[0205/132430:ERROR:crash_report_exception_handler.cc(98)] WriteEverything failed
[0205/132430:ERROR:scoped_process_suspend.cc(38)] NtResumeProcess: 已尝试访问正在退出的过程。  (0xc000010a)
